<?xml version="1.0" encoding="UTF-8"?>
<testsuite name="org.waldreg.acceptance.user.UserAcceptanceTest" tests="7" skipped="0" failures="7" errors="0" timestamp="2023-01-12T10:53:28" hostname="LINIRINILINRIN" time="0.652">
  <properties/>
  <testcase name="유저 생성 성공 테스트" classname="org.waldreg.acceptance.user.UserAcceptanceTest" time="0.381">
    <failure message="java.lang.AssertionError: Multiple Exceptions (2):&#10;Status expected:&lt;200&gt; but was:&lt;404&gt;&#10;Response header 'api-version' expected:&lt;1.0&gt; but was:&lt;null&gt;" type="java.lang.AssertionError">java.lang.AssertionError: Multiple Exceptions (2):
Status expected:&lt;200&gt; but was:&lt;404&gt;
Response header 'api-version' expected:&lt;1.0&gt; but was:&lt;null&gt;
	at org.springframework.test.util.ExceptionCollector.assertEmpty(ExceptionCollector.java:107)
	at org.springframework.test.web.servlet.ResultActions.andExpectAll(ResultActions.java:88)
	at org.waldreg.acceptance.user.UserAcceptanceTest.CREATE_NEW_USER_SUCCESS_TEST(UserAcceptanceTest.java:55)
	at java.base/jdk.internal.reflect.NativeMethodAccessorImpl.invoke0(Native Method)
	at java.base/jdk.internal.reflect.NativeMethodAccessorImpl.invoke(NativeMethodAccessorImpl.java:62)
	at java.base/jdk.internal.reflect.DelegatingMethodAccessorImpl.invoke(DelegatingMethodAccessorImpl.java:43)
	at java.base/java.lang.reflect.Method.invoke(Method.java:566)
	at org.junit.platform.commons.util.ReflectionUtils.invokeMethod(ReflectionUtils.java:725)
	at org.junit.jupiter.engine.execution.MethodInvocation.proceed(MethodInvocation.java:60)
	at org.junit.jupiter.engine.execution.InvocationInterceptorChain$ValidatingInvocation.proceed(InvocationInterceptorChain.java:131)
	at org.junit.jupiter.engine.extension.TimeoutExtension.intercept(TimeoutExtension.java:149)
	at org.junit.jupiter.engine.extension.TimeoutExtension.interceptTestableMethod(TimeoutExtension.java:140)
	at org.junit.jupiter.engine.extension.TimeoutExtension.interceptTestMethod(TimeoutExtension.java:84)
	at org.junit.jupiter.engine.execution.ExecutableInvoker$ReflectiveInterceptorCall.lambda$ofVoidMethod$0(ExecutableInvoker.java:115)
	at org.junit.jupiter.engine.execution.ExecutableInvoker.lambda$invoke$0(ExecutableInvoker.java:105)
	at org.junit.jupiter.engine.execution.InvocationInterceptorChain$InterceptedInvocation.proceed(InvocationInterceptorChain.java:106)
	at org.junit.jupiter.engine.execution.InvocationInterceptorChain.proceed(InvocationInterceptorChain.java:64)
	at org.junit.jupiter.engine.execution.InvocationInterceptorChain.chainAndInvoke(InvocationInterceptorChain.java:45)
	at org.junit.jupiter.engine.execution.InvocationInterceptorChain.invoke(InvocationInterceptorChain.java:37)
	at org.junit.jupiter.engine.execution.ExecutableInvoker.invoke(ExecutableInvoker.java:104)
	at org.junit.jupiter.engine.execution.ExecutableInvoker.invoke(ExecutableInvoker.java:98)
	at org.junit.jupiter.engine.descriptor.TestMethodTestDescriptor.lambda$invokeTestMethod$7(TestMethodTestDescriptor.java:214)
	at org.junit.platform.engine.support.hierarchical.ThrowableCollector.execute(ThrowableCollector.java:73)
	at org.junit.jupiter.engine.descriptor.TestMethodTestDescriptor.invokeTestMethod(TestMethodTestDescriptor.java:210)
	at org.junit.jupiter.engine.descriptor.TestMethodTestDescriptor.execute(TestMethodTestDescriptor.java:135)
	at org.junit.jupiter.engine.descriptor.TestMethodTestDescriptor.execute(TestMethodTestDescriptor.java:66)
	at org.junit.platform.engine.support.hierarchical.NodeTestTask.lambda$executeRecursively$6(NodeTestTask.java:151)
	at org.junit.platform.engine.support.hierarchical.ThrowableCollector.execute(ThrowableCollector.java:73)
	at org.junit.platform.engine.support.hierarchical.NodeTestTask.lambda$executeRecursively$8(NodeTestTask.java:141)
	at org.junit.platform.engine.support.hierarchical.Node.around(Node.java:137)
	at org.junit.platform.engine.support.hierarchical.NodeTestTask.lambda$executeRecursively$9(NodeTestTask.java:139)
	at org.junit.platform.engine.support.hierarchical.ThrowableCollector.execute(ThrowableCollector.java:73)
	at org.junit.platform.engine.support.hierarchical.NodeTestTask.executeRecursively(NodeTestTask.java:138)
	at org.junit.platform.engine.support.hierarchical.NodeTestTask.execute(NodeTestTask.java:95)
	at java.base/java.util.ArrayList.forEach(ArrayList.java:1541)
	at org.junit.platform.engine.support.hierarchical.SameThreadHierarchicalTestExecutorService.invokeAll(SameThreadHierarchicalTestExecutorService.java:41)
	at org.junit.platform.engine.support.hierarchical.NodeTestTask.lambda$executeRecursively$6(NodeTestTask.java:155)
	at org.junit.platform.engine.support.hierarchical.ThrowableCollector.execute(ThrowableCollector.java:73)
	at org.junit.platform.engine.support.hierarchical.NodeTestTask.lambda$executeRecursively$8(NodeTestTask.java:141)
	at org.junit.platform.engine.support.hierarchical.Node.around(Node.java:137)
	at org.junit.platform.engine.support.hierarchical.NodeTestTask.lambda$executeRecursively$9(NodeTestTask.java:139)
	at org.junit.platform.engine.support.hierarchical.ThrowableCollector.execute(ThrowableCollector.java:73)
	at org.junit.platform.engine.support.hierarchical.NodeTestTask.executeRecursively(NodeTestTask.java:138)
	at org.junit.platform.engine.support.hierarchical.NodeTestTask.execute(NodeTestTask.java:95)
	at java.base/java.util.ArrayList.forEach(ArrayList.java:1541)
	at org.junit.platform.engine.support.hierarchical.SameThreadHierarchicalTestExecutorService.invokeAll(SameThreadHierarchicalTestExecutorService.java:41)
	at org.junit.platform.engine.support.hierarchical.NodeTestTask.lambda$executeRecursively$6(NodeTestTask.java:155)
	at org.junit.platform.engine.support.hierarchical.ThrowableCollector.execute(ThrowableCollector.java:73)
	at org.junit.platform.engine.support.hierarchical.NodeTestTask.lambda$executeRecursively$8(NodeTestTask.java:141)
	at org.junit.platform.engine.support.hierarchical.Node.around(Node.java:137)
	at org.junit.platform.engine.support.hierarchical.NodeTestTask.lambda$executeRecursively$9(NodeTestTask.java:139)
	at org.junit.platform.engine.support.hierarchical.ThrowableCollector.execute(ThrowableCollector.java:73)
	at org.junit.platform.engine.support.hierarchical.NodeTestTask.executeRecursively(NodeTestTask.java:138)
	at org.junit.platform.engine.support.hierarchical.NodeTestTask.execute(NodeTestTask.java:95)
	at org.junit.platform.engine.support.hierarchical.SameThreadHierarchicalTestExecutorService.submit(SameThreadHierarchicalTestExecutorService.java:35)
	at org.junit.platform.engine.support.hierarchical.HierarchicalTestExecutor.execute(HierarchicalTestExecutor.java:57)
	at org.junit.platform.engine.support.hierarchical.HierarchicalTestEngine.execute(HierarchicalTestEngine.java:54)
	at org.junit.platform.launcher.core.EngineExecutionOrchestrator.execute(EngineExecutionOrchestrator.java:108)
	at org.junit.platform.launcher.core.EngineExecutionOrchestrator.execute(EngineExecutionOrchestrator.java:88)
	at org.junit.platform.launcher.core.EngineExecutionOrchestrator.lambda$execute$0(EngineExecutionOrchestrator.java:54)
	at org.junit.platform.launcher.core.EngineExecutionOrchestrator.withInterceptedStreams(EngineExecutionOrchestrator.java:67)
	at org.junit.platform.launcher.core.EngineExecutionOrchestrator.execute(EngineExecutionOrchestrator.java:52)
	at org.junit.platform.launcher.core.DefaultLauncher.execute(DefaultLauncher.java:96)
	at org.junit.platform.launcher.core.DefaultLauncher.execute(DefaultLauncher.java:75)
	at org.gradle.api.internal.tasks.testing.junitplatform.JUnitPlatformTestClassProcessor$CollectAllTestClassesExecutor.processAllTestClasses(JUnitPlatformTestClassProcessor.java:99)
	at org.gradle.api.internal.tasks.testing.junitplatform.JUnitPlatformTestClassProcessor$CollectAllTestClassesExecutor.access$000(JUnitPlatformTestClassProcessor.java:79)
	at org.gradle.api.internal.tasks.testing.junitplatform.JUnitPlatformTestClassProcessor.stop(JUnitPlatformTestClassProcessor.java:75)
	at org.gradle.api.internal.tasks.testing.SuiteTestClassProcessor.stop(SuiteTestClassProcessor.java:61)
	at java.base/jdk.internal.reflect.NativeMethodAccessorImpl.invoke0(Native Method)
	at java.base/jdk.internal.reflect.NativeMethodAccessorImpl.invoke(NativeMethodAccessorImpl.java:62)
	at java.base/jdk.internal.reflect.DelegatingMethodAccessorImpl.invoke(DelegatingMethodAccessorImpl.java:43)
	at java.base/java.lang.reflect.Method.invoke(Method.java:566)
	at org.gradle.internal.dispatch.ReflectionDispatch.dispatch(ReflectionDispatch.java:36)
	at org.gradle.internal.dispatch.ReflectionDispatch.dispatch(ReflectionDispatch.java:24)
	at org.gradle.internal.dispatch.ContextClassLoaderDispatch.dispatch(ContextClassLoaderDispatch.java:33)
	at org.gradle.internal.dispatch.ProxyDispatchAdapter$DispatchingInvocationHandler.invoke(ProxyDispatchAdapter.java:94)
	at com.sun.proxy.$Proxy2.stop(Unknown Source)
	at org.gradle.api.internal.tasks.testing.worker.TestWorker$3.run(TestWorker.java:193)
	at org.gradle.api.internal.tasks.testing.worker.TestWorker.executeAndMaintainThreadName(TestWorker.java:129)
	at org.gradle.api.internal.tasks.testing.worker.TestWorker.execute(TestWorker.java:100)
	at org.gradle.api.internal.tasks.testing.worker.TestWorker.execute(TestWorker.java:60)
	at org.gradle.process.internal.worker.child.ActionExecutionWorker.execute(ActionExecutionWorker.java:56)
	at org.gradle.process.internal.worker.child.SystemApplicationClassLoaderWorker.call(SystemApplicationClassLoaderWorker.java:133)
	at org.gradle.process.internal.worker.child.SystemApplicationClassLoaderWorker.call(SystemApplicationClassLoaderWorker.java:71)
	at worker.org.gradle.process.internal.worker.GradleWorkerMain.run(GradleWorkerMain.java:69)
	at worker.org.gradle.process.internal.worker.GradleWorkerMain.main(GradleWorkerMain.java:74)
	Suppressed: java.lang.AssertionError: Status expected:&lt;200&gt; but was:&lt;404&gt;
		at org.springframework.test.util.AssertionErrors.fail(AssertionErrors.java:59)
		at org.springframework.test.util.AssertionErrors.assertEquals(AssertionErrors.java:122)
		at org.springframework.test.web.servlet.result.StatusResultMatchers.lambda$matcher$9(StatusResultMatchers.java:627)
		at org.springframework.test.web.servlet.MockMvc$1.andExpect(MockMvc.java:212)
		at org.springframework.test.web.servlet.ResultActions.lambda$andExpectAll$0(ResultActions.java:86)
		at org.springframework.test.util.ExceptionCollector.execute(ExceptionCollector.java:49)
		at org.springframework.test.web.servlet.ResultActions.andExpectAll(ResultActions.java:86)
		... 84 more
	Suppressed: java.lang.AssertionError: Response header 'api-version' expected:&lt;1.0&gt; but was:&lt;null&gt;
		at org.springframework.test.util.AssertionErrors.fail(AssertionErrors.java:59)
		at org.springframework.test.util.AssertionErrors.assertEquals(AssertionErrors.java:122)
		at org.springframework.test.web.servlet.result.HeaderResultMatchers.lambda$string$2(HeaderResultMatchers.java:79)
		at org.springframework.test.web.servlet.MockMvc$1.andExpect(MockMvc.java:212)
		at org.springframework.test.web.servlet.ResultActions.lambda$andExpectAll$0(ResultActions.java:86)
		at org.springframework.test.util.ExceptionCollector.execute(ExceptionCollector.java:49)
		at org.springframework.test.web.servlet.ResultActions.andExpectAll(ResultActions.java:86)
		... 84 more
</failure>
  </testcase>
  <testcase name="유저 생성 실패 인수 테스트 - 잘못된 입력" classname="org.waldreg.acceptance.user.UserAcceptanceTest" time="0.088">
    <failure message="java.lang.AssertionError: Multiple Exceptions (6):&#10;Status expected:&lt;400&gt; but was:&lt;404&gt;&#10;Response header 'Content-Type' expected:&lt;application/json&gt; but was:&lt;null&gt;&#10;Response header 'api-version' expected:&lt;1.0&gt; but was:&lt;null&gt;&#10;Content type not set&#10;No value at JSON path &quot;$.messages&quot;&#10;No value at JSON path &quot;$.document_url&quot;" type="java.lang.AssertionError">java.lang.AssertionError: Multiple Exceptions (6):
Status expected:&lt;400&gt; but was:&lt;404&gt;
Response header 'Content-Type' expected:&lt;application/json&gt; but was:&lt;null&gt;
Response header 'api-version' expected:&lt;1.0&gt; but was:&lt;null&gt;
Content type not set
No value at JSON path &quot;$.messages&quot;
No value at JSON path &quot;$.document_url&quot;
	at org.springframework.test.util.ExceptionCollector.assertEmpty(ExceptionCollector.java:107)
	at org.springframework.test.web.servlet.ResultActions.andExpectAll(ResultActions.java:88)
	at org.waldreg.acceptance.user.UserAcceptanceTest.CREATE_NEW_USER_FAIL_CAUSE_INVALID_REQUEST(UserAcceptanceTest.java:176)
	at java.base/jdk.internal.reflect.NativeMethodAccessorImpl.invoke0(Native Method)
	at java.base/jdk.internal.reflect.NativeMethodAccessorImpl.invoke(NativeMethodAccessorImpl.java:62)
	at java.base/jdk.internal.reflect.DelegatingMethodAccessorImpl.invoke(DelegatingMethodAccessorImpl.java:43)
	at java.base/java.lang.reflect.Method.invoke(Method.java:566)
	at org.junit.platform.commons.util.ReflectionUtils.invokeMethod(ReflectionUtils.java:725)
	at org.junit.jupiter.engine.execution.MethodInvocation.proceed(MethodInvocation.java:60)
	at org.junit.jupiter.engine.execution.InvocationInterceptorChain$ValidatingInvocation.proceed(InvocationInterceptorChain.java:131)
	at org.junit.jupiter.engine.extension.TimeoutExtension.intercept(TimeoutExtension.java:149)
	at org.junit.jupiter.engine.extension.TimeoutExtension.interceptTestableMethod(TimeoutExtension.java:140)
	at org.junit.jupiter.engine.extension.TimeoutExtension.interceptTestMethod(TimeoutExtension.java:84)
	at org.junit.jupiter.engine.execution.ExecutableInvoker$ReflectiveInterceptorCall.lambda$ofVoidMethod$0(ExecutableInvoker.java:115)
	at org.junit.jupiter.engine.execution.ExecutableInvoker.lambda$invoke$0(ExecutableInvoker.java:105)
	at org.junit.jupiter.engine.execution.InvocationInterceptorChain$InterceptedInvocation.proceed(InvocationInterceptorChain.java:106)
	at org.junit.jupiter.engine.execution.InvocationInterceptorChain.proceed(InvocationInterceptorChain.java:64)
	at org.junit.jupiter.engine.execution.InvocationInterceptorChain.chainAndInvoke(InvocationInterceptorChain.java:45)
	at org.junit.jupiter.engine.execution.InvocationInterceptorChain.invoke(InvocationInterceptorChain.java:37)
	at org.junit.jupiter.engine.execution.ExecutableInvoker.invoke(ExecutableInvoker.java:104)
	at org.junit.jupiter.engine.execution.ExecutableInvoker.invoke(ExecutableInvoker.java:98)
	at org.junit.jupiter.engine.descriptor.TestMethodTestDescriptor.lambda$invokeTestMethod$7(TestMethodTestDescriptor.java:214)
	at org.junit.platform.engine.support.hierarchical.ThrowableCollector.execute(ThrowableCollector.java:73)
	at org.junit.jupiter.engine.descriptor.TestMethodTestDescriptor.invokeTestMethod(TestMethodTestDescriptor.java:210)
	at org.junit.jupiter.engine.descriptor.TestMethodTestDescriptor.execute(TestMethodTestDescriptor.java:135)
	at org.junit.jupiter.engine.descriptor.TestMethodTestDescriptor.execute(TestMethodTestDescriptor.java:66)
	at org.junit.platform.engine.support.hierarchical.NodeTestTask.lambda$executeRecursively$6(NodeTestTask.java:151)
	at org.junit.platform.engine.support.hierarchical.ThrowableCollector.execute(ThrowableCollector.java:73)
	at org.junit.platform.engine.support.hierarchical.NodeTestTask.lambda$executeRecursively$8(NodeTestTask.java:141)
	at org.junit.platform.engine.support.hierarchical.Node.around(Node.java:137)
	at org.junit.platform.engine.support.hierarchical.NodeTestTask.lambda$executeRecursively$9(NodeTestTask.java:139)
	at org.junit.platform.engine.support.hierarchical.ThrowableCollector.execute(ThrowableCollector.java:73)
	at org.junit.platform.engine.support.hierarchical.NodeTestTask.executeRecursively(NodeTestTask.java:138)
	at org.junit.platform.engine.support.hierarchical.NodeTestTask.execute(NodeTestTask.java:95)
	at java.base/java.util.ArrayList.forEach(ArrayList.java:1541)
	at org.junit.platform.engine.support.hierarchical.SameThreadHierarchicalTestExecutorService.invokeAll(SameThreadHierarchicalTestExecutorService.java:41)
	at org.junit.platform.engine.support.hierarchical.NodeTestTask.lambda$executeRecursively$6(NodeTestTask.java:155)
	at org.junit.platform.engine.support.hierarchical.ThrowableCollector.execute(ThrowableCollector.java:73)
	at org.junit.platform.engine.support.hierarchical.NodeTestTask.lambda$executeRecursively$8(NodeTestTask.java:141)
	at org.junit.platform.engine.support.hierarchical.Node.around(Node.java:137)
	at org.junit.platform.engine.support.hierarchical.NodeTestTask.lambda$executeRecursively$9(NodeTestTask.java:139)
	at org.junit.platform.engine.support.hierarchical.ThrowableCollector.execute(ThrowableCollector.java:73)
	at org.junit.platform.engine.support.hierarchical.NodeTestTask.executeRecursively(NodeTestTask.java:138)
	at org.junit.platform.engine.support.hierarchical.NodeTestTask.execute(NodeTestTask.java:95)
	at java.base/java.util.ArrayList.forEach(ArrayList.java:1541)
	at org.junit.platform.engine.support.hierarchical.SameThreadHierarchicalTestExecutorService.invokeAll(SameThreadHierarchicalTestExecutorService.java:41)
	at org.junit.platform.engine.support.hierarchical.NodeTestTask.lambda$executeRecursively$6(NodeTestTask.java:155)
	at org.junit.platform.engine.support.hierarchical.ThrowableCollector.execute(ThrowableCollector.java:73)
	at org.junit.platform.engine.support.hierarchical.NodeTestTask.lambda$executeRecursively$8(NodeTestTask.java:141)
	at org.junit.platform.engine.support.hierarchical.Node.around(Node.java:137)
	at org.junit.platform.engine.support.hierarchical.NodeTestTask.lambda$executeRecursively$9(NodeTestTask.java:139)
	at org.junit.platform.engine.support.hierarchical.ThrowableCollector.execute(ThrowableCollector.java:73)
	at org.junit.platform.engine.support.hierarchical.NodeTestTask.executeRecursively(NodeTestTask.java:138)
	at org.junit.platform.engine.support.hierarchical.NodeTestTask.execute(NodeTestTask.java:95)
	at org.junit.platform.engine.support.hierarchical.SameThreadHierarchicalTestExecutorService.submit(SameThreadHierarchicalTestExecutorService.java:35)
	at org.junit.platform.engine.support.hierarchical.HierarchicalTestExecutor.execute(HierarchicalTestExecutor.java:57)
	at org.junit.platform.engine.support.hierarchical.HierarchicalTestEngine.execute(HierarchicalTestEngine.java:54)
	at org.junit.platform.launcher.core.EngineExecutionOrchestrator.execute(EngineExecutionOrchestrator.java:108)
	at org.junit.platform.launcher.core.EngineExecutionOrchestrator.execute(EngineExecutionOrchestrator.java:88)
	at org.junit.platform.launcher.core.EngineExecutionOrchestrator.lambda$execute$0(EngineExecutionOrchestrator.java:54)
	at org.junit.platform.launcher.core.EngineExecutionOrchestrator.withInterceptedStreams(EngineExecutionOrchestrator.java:67)
	at org.junit.platform.launcher.core.EngineExecutionOrchestrator.execute(EngineExecutionOrchestrator.java:52)
	at org.junit.platform.launcher.core.DefaultLauncher.execute(DefaultLauncher.java:96)
	at org.junit.platform.launcher.core.DefaultLauncher.execute(DefaultLauncher.java:75)
	at org.gradle.api.internal.tasks.testing.junitplatform.JUnitPlatformTestClassProcessor$CollectAllTestClassesExecutor.processAllTestClasses(JUnitPlatformTestClassProcessor.java:99)
	at org.gradle.api.internal.tasks.testing.junitplatform.JUnitPlatformTestClassProcessor$CollectAllTestClassesExecutor.access$000(JUnitPlatformTestClassProcessor.java:79)
	at org.gradle.api.internal.tasks.testing.junitplatform.JUnitPlatformTestClassProcessor.stop(JUnitPlatformTestClassProcessor.java:75)
	at org.gradle.api.internal.tasks.testing.SuiteTestClassProcessor.stop(SuiteTestClassProcessor.java:61)
	at java.base/jdk.internal.reflect.NativeMethodAccessorImpl.invoke0(Native Method)
	at java.base/jdk.internal.reflect.NativeMethodAccessorImpl.invoke(NativeMethodAccessorImpl.java:62)
	at java.base/jdk.internal.reflect.DelegatingMethodAccessorImpl.invoke(DelegatingMethodAccessorImpl.java:43)
	at java.base/java.lang.reflect.Method.invoke(Method.java:566)
	at org.gradle.internal.dispatch.ReflectionDispatch.dispatch(ReflectionDispatch.java:36)
	at org.gradle.internal.dispatch.ReflectionDispatch.dispatch(ReflectionDispatch.java:24)
	at org.gradle.internal.dispatch.ContextClassLoaderDispatch.dispatch(ContextClassLoaderDispatch.java:33)
	at org.gradle.internal.dispatch.ProxyDispatchAdapter$DispatchingInvocationHandler.invoke(ProxyDispatchAdapter.java:94)
	at com.sun.proxy.$Proxy2.stop(Unknown Source)
	at org.gradle.api.internal.tasks.testing.worker.TestWorker$3.run(TestWorker.java:193)
	at org.gradle.api.internal.tasks.testing.worker.TestWorker.executeAndMaintainThreadName(TestWorker.java:129)
	at org.gradle.api.internal.tasks.testing.worker.TestWorker.execute(TestWorker.java:100)
	at org.gradle.api.internal.tasks.testing.worker.TestWorker.execute(TestWorker.java:60)
	at org.gradle.process.internal.worker.child.ActionExecutionWorker.execute(ActionExecutionWorker.java:56)
	at org.gradle.process.internal.worker.child.SystemApplicationClassLoaderWorker.call(SystemApplicationClassLoaderWorker.java:133)
	at org.gradle.process.internal.worker.child.SystemApplicationClassLoaderWorker.call(SystemApplicationClassLoaderWorker.java:71)
	at worker.org.gradle.process.internal.worker.GradleWorkerMain.run(GradleWorkerMain.java:69)
	at worker.org.gradle.process.internal.worker.GradleWorkerMain.main(GradleWorkerMain.java:74)
	Suppressed: java.lang.AssertionError: Status expected:&lt;400&gt; but was:&lt;404&gt;
		at org.springframework.test.util.AssertionErrors.fail(AssertionErrors.java:59)
		at org.springframework.test.util.AssertionErrors.assertEquals(AssertionErrors.java:122)
		at org.springframework.test.web.servlet.result.StatusResultMatchers.lambda$matcher$9(StatusResultMatchers.java:627)
		at org.springframework.test.web.servlet.MockMvc$1.andExpect(MockMvc.java:212)
		at org.springframework.test.web.servlet.ResultActions.lambda$andExpectAll$0(ResultActions.java:86)
		at org.springframework.test.util.ExceptionCollector.execute(ExceptionCollector.java:49)
		at org.springframework.test.web.servlet.ResultActions.andExpectAll(ResultActions.java:86)
		... 84 more
	Suppressed: java.lang.AssertionError: Response header 'Content-Type' expected:&lt;application/json&gt; but was:&lt;null&gt;
		at org.springframework.test.util.AssertionErrors.fail(AssertionErrors.java:59)
		at org.springframework.test.util.AssertionErrors.assertEquals(AssertionErrors.java:122)
		at org.springframework.test.web.servlet.result.HeaderResultMatchers.lambda$string$2(HeaderResultMatchers.java:79)
		at org.springframework.test.web.servlet.MockMvc$1.andExpect(MockMvc.java:212)
		at org.springframework.test.web.servlet.ResultActions.lambda$andExpectAll$0(ResultActions.java:86)
		at org.springframework.test.util.ExceptionCollector.execute(ExceptionCollector.java:49)
		at org.springframework.test.web.servlet.ResultActions.andExpectAll(ResultActions.java:86)
		... 84 more
	Suppressed: java.lang.AssertionError: Response header 'api-version' expected:&lt;1.0&gt; but was:&lt;null&gt;
		at org.springframework.test.util.AssertionErrors.fail(AssertionErrors.java:59)
		at org.springframework.test.util.AssertionErrors.assertEquals(AssertionErrors.java:122)
		at org.springframework.test.web.servlet.result.HeaderResultMatchers.lambda$string$2(HeaderResultMatchers.java:79)
		at org.springframework.test.web.servlet.MockMvc$1.andExpect(MockMvc.java:212)
		at org.springframework.test.web.servlet.ResultActions.lambda$andExpectAll$0(ResultActions.java:86)
		at org.springframework.test.util.ExceptionCollector.execute(ExceptionCollector.java:49)
		at org.springframework.test.web.servlet.ResultActions.andExpectAll(ResultActions.java:86)
		... 84 more
	Suppressed: java.lang.AssertionError: Content type not set
		at org.springframework.test.util.AssertionErrors.fail(AssertionErrors.java:37)
		at org.springframework.test.util.AssertionErrors.assertTrue(AssertionErrors.java:70)
		at org.springframework.test.util.AssertionErrors.assertNotNull(AssertionErrors.java:106)
		at org.springframework.test.web.servlet.result.ContentResultMatchers.lambda$contentType$0(ContentResultMatchers.java:85)
		at org.springframework.test.web.servlet.MockMvc$1.andExpect(MockMvc.java:212)
		at org.springframework.test.web.servlet.ResultActions.lambda$andExpectAll$0(ResultActions.java:86)
		at org.springframework.test.util.ExceptionCollector.execute(ExceptionCollector.java:49)
		at org.springframework.test.web.servlet.ResultActions.andExpectAll(ResultActions.java:86)
		... 84 more
	Suppressed: java.lang.AssertionError: No value at JSON path &quot;$.messages&quot;
		at org.springframework.test.util.JsonPathExpectationsHelper.evaluateJsonPath(JsonPathExpectationsHelper.java:304)
		at org.springframework.test.util.JsonPathExpectationsHelper.assertValue(JsonPathExpectationsHelper.java:99)
		at org.springframework.test.web.servlet.result.JsonPathResultMatchers.lambda$value$2(JsonPathResultMatchers.java:111)
		at org.springframework.test.web.servlet.MockMvc$1.andExpect(MockMvc.java:212)
		at org.springframework.test.web.servlet.ResultActions.lambda$andExpectAll$0(ResultActions.java:86)
		at org.springframework.test.util.ExceptionCollector.execute(ExceptionCollector.java:49)
		at org.springframework.test.web.servlet.ResultActions.andExpectAll(ResultActions.java:86)
		... 84 more
	Caused by: java.lang.IllegalArgumentException: json can not be null or empty
		at com.jayway.jsonpath.internal.Utils.notEmpty(Utils.java:401)
		at com.jayway.jsonpath.JsonPath.read(JsonPath.java:390)
		at com.jayway.jsonpath.JsonPath.read(JsonPath.java:377)
		at org.springframework.test.util.JsonPathExpectationsHelper.evaluateJsonPath(JsonPathExpectationsHelper.java:301)
		... 90 more
	Suppressed: java.lang.AssertionError: No value at JSON path &quot;$.document_url&quot;
		at org.springframework.test.util.JsonPathExpectationsHelper.evaluateJsonPath(JsonPathExpectationsHelper.java:304)
		at org.springframework.test.util.JsonPathExpectationsHelper.assertValue(JsonPathExpectationsHelper.java:99)
		at org.springframework.test.web.servlet.result.JsonPathResultMatchers.lambda$value$2(JsonPathResultMatchers.java:111)
		at org.springframework.test.web.servlet.MockMvc$1.andExpect(MockMvc.java:212)
		at org.springframework.test.web.servlet.ResultActions.lambda$andExpectAll$0(ResultActions.java:86)
		at org.springframework.test.util.ExceptionCollector.execute(ExceptionCollector.java:49)
		at org.springframework.test.web.servlet.ResultActions.andExpectAll(ResultActions.java:86)
		... 84 more
	Caused by: java.lang.IllegalArgumentException: json can not be null or empty
		at com.jayway.jsonpath.internal.Utils.notEmpty(Utils.java:401)
		at com.jayway.jsonpath.JsonPath.read(JsonPath.java:390)
		at com.jayway.jsonpath.JsonPath.read(JsonPath.java:377)
		at org.springframework.test.util.JsonPathExpectationsHelper.evaluateJsonPath(JsonPathExpectationsHelper.java:301)
		... 90 more
</failure>
  </testcase>
  <testcase name="특정 유저 조회 성공 테스트 - 토큰 있을 때" classname="org.waldreg.acceptance.user.UserAcceptanceTest" time="0.036">
    <failure message="java.lang.AssertionError: Multiple Exceptions (13):&#10;Status expected:&lt;200&gt; but was:&lt;404&gt;&#10;Response header 'Content-Type' expected:&lt;application/json&gt; but was:&lt;null&gt;&#10;Response header 'api-version' expected:&lt;1.0&gt; but was:&lt;null&gt;&#10;Content type not set&#10;No value at JSON path &quot;$.id&quot;&#10;No value at JSON path &quot;$.name&quot;&#10;No value at JSON path &quot;$.user_id&quot;&#10;No value at JSON path &quot;$.phone_number&quot;&#10;No value at JSON path &quot;$.character&quot;&#10;No value at JSON path &quot;$.created_at&quot;&#10;No value at JSON path &quot;$.advantage&quot;&#10;No value at JSON path &quot;$.penalty&quot;&#10;No value at JSON path &quot;$.social_login&quot;" type="java.lang.AssertionError">java.lang.AssertionError: Multiple Exceptions (13):
Status expected:&lt;200&gt; but was:&lt;404&gt;
Response header 'Content-Type' expected:&lt;application/json&gt; but was:&lt;null&gt;
Response header 'api-version' expected:&lt;1.0&gt; but was:&lt;null&gt;
Content type not set
No value at JSON path &quot;$.id&quot;
No value at JSON path &quot;$.name&quot;
No value at JSON path &quot;$.user_id&quot;
No value at JSON path &quot;$.phone_number&quot;
No value at JSON path &quot;$.character&quot;
No value at JSON path &quot;$.created_at&quot;
No value at JSON path &quot;$.advantage&quot;
No value at JSON path &quot;$.penalty&quot;
No value at JSON path &quot;$.social_login&quot;
	at org.springframework.test.util.ExceptionCollector.assertEmpty(ExceptionCollector.java:107)
	at org.springframework.test.web.servlet.ResultActions.andExpectAll(ResultActions.java:88)
	at org.waldreg.acceptance.user.UserAcceptanceTest.INQUERY_USER_WITH_TOKEN_SUCCESS_TEST(UserAcceptanceTest.java:220)
	at java.base/jdk.internal.reflect.NativeMethodAccessorImpl.invoke0(Native Method)
	at java.base/jdk.internal.reflect.NativeMethodAccessorImpl.invoke(NativeMethodAccessorImpl.java:62)
	at java.base/jdk.internal.reflect.DelegatingMethodAccessorImpl.invoke(DelegatingMethodAccessorImpl.java:43)
	at java.base/java.lang.reflect.Method.invoke(Method.java:566)
	at org.junit.platform.commons.util.ReflectionUtils.invokeMethod(ReflectionUtils.java:725)
	at org.junit.jupiter.engine.execution.MethodInvocation.proceed(MethodInvocation.java:60)
	at org.junit.jupiter.engine.execution.InvocationInterceptorChain$ValidatingInvocation.proceed(InvocationInterceptorChain.java:131)
	at org.junit.jupiter.engine.extension.TimeoutExtension.intercept(TimeoutExtension.java:149)
	at org.junit.jupiter.engine.extension.TimeoutExtension.interceptTestableMethod(TimeoutExtension.java:140)
	at org.junit.jupiter.engine.extension.TimeoutExtension.interceptTestMethod(TimeoutExtension.java:84)
	at org.junit.jupiter.engine.execution.ExecutableInvoker$ReflectiveInterceptorCall.lambda$ofVoidMethod$0(ExecutableInvoker.java:115)
	at org.junit.jupiter.engine.execution.ExecutableInvoker.lambda$invoke$0(ExecutableInvoker.java:105)
	at org.junit.jupiter.engine.execution.InvocationInterceptorChain$InterceptedInvocation.proceed(InvocationInterceptorChain.java:106)
	at org.junit.jupiter.engine.execution.InvocationInterceptorChain.proceed(InvocationInterceptorChain.java:64)
	at org.junit.jupiter.engine.execution.InvocationInterceptorChain.chainAndInvoke(InvocationInterceptorChain.java:45)
	at org.junit.jupiter.engine.execution.InvocationInterceptorChain.invoke(InvocationInterceptorChain.java:37)
	at org.junit.jupiter.engine.execution.ExecutableInvoker.invoke(ExecutableInvoker.java:104)
	at org.junit.jupiter.engine.execution.ExecutableInvoker.invoke(ExecutableInvoker.java:98)
	at org.junit.jupiter.engine.descriptor.TestMethodTestDescriptor.lambda$invokeTestMethod$7(TestMethodTestDescriptor.java:214)
	at org.junit.platform.engine.support.hierarchical.ThrowableCollector.execute(ThrowableCollector.java:73)
	at org.junit.jupiter.engine.descriptor.TestMethodTestDescriptor.invokeTestMethod(TestMethodTestDescriptor.java:210)
	at org.junit.jupiter.engine.descriptor.TestMethodTestDescriptor.execute(TestMethodTestDescriptor.java:135)
	at org.junit.jupiter.engine.descriptor.TestMethodTestDescriptor.execute(TestMethodTestDescriptor.java:66)
	at org.junit.platform.engine.support.hierarchical.NodeTestTask.lambda$executeRecursively$6(NodeTestTask.java:151)
	at org.junit.platform.engine.support.hierarchical.ThrowableCollector.execute(ThrowableCollector.java:73)
	at org.junit.platform.engine.support.hierarchical.NodeTestTask.lambda$executeRecursively$8(NodeTestTask.java:141)
	at org.junit.platform.engine.support.hierarchical.Node.around(Node.java:137)
	at org.junit.platform.engine.support.hierarchical.NodeTestTask.lambda$executeRecursively$9(NodeTestTask.java:139)
	at org.junit.platform.engine.support.hierarchical.ThrowableCollector.execute(ThrowableCollector.java:73)
	at org.junit.platform.engine.support.hierarchical.NodeTestTask.executeRecursively(NodeTestTask.java:138)
	at org.junit.platform.engine.support.hierarchical.NodeTestTask.execute(NodeTestTask.java:95)
	at java.base/java.util.ArrayList.forEach(ArrayList.java:1541)
	at org.junit.platform.engine.support.hierarchical.SameThreadHierarchicalTestExecutorService.invokeAll(SameThreadHierarchicalTestExecutorService.java:41)
	at org.junit.platform.engine.support.hierarchical.NodeTestTask.lambda$executeRecursively$6(NodeTestTask.java:155)
	at org.junit.platform.engine.support.hierarchical.ThrowableCollector.execute(ThrowableCollector.java:73)
	at org.junit.platform.engine.support.hierarchical.NodeTestTask.lambda$executeRecursively$8(NodeTestTask.java:141)
	at org.junit.platform.engine.support.hierarchical.Node.around(Node.java:137)
	at org.junit.platform.engine.support.hierarchical.NodeTestTask.lambda$executeRecursively$9(NodeTestTask.java:139)
	at org.junit.platform.engine.support.hierarchical.ThrowableCollector.execute(ThrowableCollector.java:73)
	at org.junit.platform.engine.support.hierarchical.NodeTestTask.executeRecursively(NodeTestTask.java:138)
	at org.junit.platform.engine.support.hierarchical.NodeTestTask.execute(NodeTestTask.java:95)
	at java.base/java.util.ArrayList.forEach(ArrayList.java:1541)
	at org.junit.platform.engine.support.hierarchical.SameThreadHierarchicalTestExecutorService.invokeAll(SameThreadHierarchicalTestExecutorService.java:41)
	at org.junit.platform.engine.support.hierarchical.NodeTestTask.lambda$executeRecursively$6(NodeTestTask.java:155)
	at org.junit.platform.engine.support.hierarchical.ThrowableCollector.execute(ThrowableCollector.java:73)
	at org.junit.platform.engine.support.hierarchical.NodeTestTask.lambda$executeRecursively$8(NodeTestTask.java:141)
	at org.junit.platform.engine.support.hierarchical.Node.around(Node.java:137)
	at org.junit.platform.engine.support.hierarchical.NodeTestTask.lambda$executeRecursively$9(NodeTestTask.java:139)
	at org.junit.platform.engine.support.hierarchical.ThrowableCollector.execute(ThrowableCollector.java:73)
	at org.junit.platform.engine.support.hierarchical.NodeTestTask.executeRecursively(NodeTestTask.java:138)
	at org.junit.platform.engine.support.hierarchical.NodeTestTask.execute(NodeTestTask.java:95)
	at org.junit.platform.engine.support.hierarchical.SameThreadHierarchicalTestExecutorService.submit(SameThreadHierarchicalTestExecutorService.java:35)
	at org.junit.platform.engine.support.hierarchical.HierarchicalTestExecutor.execute(HierarchicalTestExecutor.java:57)
	at org.junit.platform.engine.support.hierarchical.HierarchicalTestEngine.execute(HierarchicalTestEngine.java:54)
	at org.junit.platform.launcher.core.EngineExecutionOrchestrator.execute(EngineExecutionOrchestrator.java:108)
	at org.junit.platform.launcher.core.EngineExecutionOrchestrator.execute(EngineExecutionOrchestrator.java:88)
	at org.junit.platform.launcher.core.EngineExecutionOrchestrator.lambda$execute$0(EngineExecutionOrchestrator.java:54)
	at org.junit.platform.launcher.core.EngineExecutionOrchestrator.withInterceptedStreams(EngineExecutionOrchestrator.java:67)
	at org.junit.platform.launcher.core.EngineExecutionOrchestrator.execute(EngineExecutionOrchestrator.java:52)
	at org.junit.platform.launcher.core.DefaultLauncher.execute(DefaultLauncher.java:96)
	at org.junit.platform.launcher.core.DefaultLauncher.execute(DefaultLauncher.java:75)
	at org.gradle.api.internal.tasks.testing.junitplatform.JUnitPlatformTestClassProcessor$CollectAllTestClassesExecutor.processAllTestClasses(JUnitPlatformTestClassProcessor.java:99)
	at org.gradle.api.internal.tasks.testing.junitplatform.JUnitPlatformTestClassProcessor$CollectAllTestClassesExecutor.access$000(JUnitPlatformTestClassProcessor.java:79)
	at org.gradle.api.internal.tasks.testing.junitplatform.JUnitPlatformTestClassProcessor.stop(JUnitPlatformTestClassProcessor.java:75)
	at org.gradle.api.internal.tasks.testing.SuiteTestClassProcessor.stop(SuiteTestClassProcessor.java:61)
	at java.base/jdk.internal.reflect.NativeMethodAccessorImpl.invoke0(Native Method)
	at java.base/jdk.internal.reflect.NativeMethodAccessorImpl.invoke(NativeMethodAccessorImpl.java:62)
	at java.base/jdk.internal.reflect.DelegatingMethodAccessorImpl.invoke(DelegatingMethodAccessorImpl.java:43)
	at java.base/java.lang.reflect.Method.invoke(Method.java:566)
	at org.gradle.internal.dispatch.ReflectionDispatch.dispatch(ReflectionDispatch.java:36)
	at org.gradle.internal.dispatch.ReflectionDispatch.dispatch(ReflectionDispatch.java:24)
	at org.gradle.internal.dispatch.ContextClassLoaderDispatch.dispatch(ContextClassLoaderDispatch.java:33)
	at org.gradle.internal.dispatch.ProxyDispatchAdapter$DispatchingInvocationHandler.invoke(ProxyDispatchAdapter.java:94)
	at com.sun.proxy.$Proxy2.stop(Unknown Source)
	at org.gradle.api.internal.tasks.testing.worker.TestWorker$3.run(TestWorker.java:193)
	at org.gradle.api.internal.tasks.testing.worker.TestWorker.executeAndMaintainThreadName(TestWorker.java:129)
	at org.gradle.api.internal.tasks.testing.worker.TestWorker.execute(TestWorker.java:100)
	at org.gradle.api.internal.tasks.testing.worker.TestWorker.execute(TestWorker.java:60)
	at org.gradle.process.internal.worker.child.ActionExecutionWorker.execute(ActionExecutionWorker.java:56)
	at org.gradle.process.internal.worker.child.SystemApplicationClassLoaderWorker.call(SystemApplicationClassLoaderWorker.java:133)
	at org.gradle.process.internal.worker.child.SystemApplicationClassLoaderWorker.call(SystemApplicationClassLoaderWorker.java:71)
	at worker.org.gradle.process.internal.worker.GradleWorkerMain.run(GradleWorkerMain.java:69)
	at worker.org.gradle.process.internal.worker.GradleWorkerMain.main(GradleWorkerMain.java:74)
	Suppressed: java.lang.AssertionError: Status expected:&lt;200&gt; but was:&lt;404&gt;
		at org.springframework.test.util.AssertionErrors.fail(AssertionErrors.java:59)
		at org.springframework.test.util.AssertionErrors.assertEquals(AssertionErrors.java:122)
		at org.springframework.test.web.servlet.result.StatusResultMatchers.lambda$matcher$9(StatusResultMatchers.java:627)
		at org.springframework.test.web.servlet.MockMvc$1.andExpect(MockMvc.java:212)
		at org.springframework.test.web.servlet.ResultActions.lambda$andExpectAll$0(ResultActions.java:86)
		at org.springframework.test.util.ExceptionCollector.execute(ExceptionCollector.java:49)
		at org.springframework.test.web.servlet.ResultActions.andExpectAll(ResultActions.java:86)
		... 84 more
	Suppressed: java.lang.AssertionError: Response header 'Content-Type' expected:&lt;application/json&gt; but was:&lt;null&gt;
		at org.springframework.test.util.AssertionErrors.fail(AssertionErrors.java:59)
		at org.springframework.test.util.AssertionErrors.assertEquals(AssertionErrors.java:122)
		at org.springframework.test.web.servlet.result.HeaderResultMatchers.lambda$string$2(HeaderResultMatchers.java:79)
		at org.springframework.test.web.servlet.MockMvc$1.andExpect(MockMvc.java:212)
		at org.springframework.test.web.servlet.ResultActions.lambda$andExpectAll$0(ResultActions.java:86)
		at org.springframework.test.util.ExceptionCollector.execute(ExceptionCollector.java:49)
		at org.springframework.test.web.servlet.ResultActions.andExpectAll(ResultActions.java:86)
		... 84 more
	Suppressed: java.lang.AssertionError: Response header 'api-version' expected:&lt;1.0&gt; but was:&lt;null&gt;
		at org.springframework.test.util.AssertionErrors.fail(AssertionErrors.java:59)
		at org.springframework.test.util.AssertionErrors.assertEquals(AssertionErrors.java:122)
		at org.springframework.test.web.servlet.result.HeaderResultMatchers.lambda$string$2(HeaderResultMatchers.java:79)
		at org.springframework.test.web.servlet.MockMvc$1.andExpect(MockMvc.java:212)
		at org.springframework.test.web.servlet.ResultActions.lambda$andExpectAll$0(ResultActions.java:86)
		at org.springframework.test.util.ExceptionCollector.execute(ExceptionCollector.java:49)
		at org.springframework.test.web.servlet.ResultActions.andExpectAll(ResultActions.java:86)
		... 84 more
	Suppressed: java.lang.AssertionError: Content type not set
		at org.springframework.test.util.AssertionErrors.fail(AssertionErrors.java:37)
		at org.springframework.test.util.AssertionErrors.assertTrue(AssertionErrors.java:70)
		at org.springframework.test.util.AssertionErrors.assertNotNull(AssertionErrors.java:106)
		at org.springframework.test.web.servlet.result.ContentResultMatchers.lambda$contentType$0(ContentResultMatchers.java:85)
		at org.springframework.test.web.servlet.MockMvc$1.andExpect(MockMvc.java:212)
		at org.springframework.test.web.servlet.ResultActions.lambda$andExpectAll$0(ResultActions.java:86)
		at org.springframework.test.util.ExceptionCollector.execute(ExceptionCollector.java:49)
		at org.springframework.test.web.servlet.ResultActions.andExpectAll(ResultActions.java:86)
		... 84 more
	Suppressed: java.lang.AssertionError: No value at JSON path &quot;$.id&quot;
		at org.springframework.test.util.JsonPathExpectationsHelper.evaluateJsonPath(JsonPathExpectationsHelper.java:304)
		at org.springframework.test.util.JsonPathExpectationsHelper.assertExistsAndReturn(JsonPathExpectationsHelper.java:328)
		at org.springframework.test.util.JsonPathExpectationsHelper.assertValueIsNumber(JsonPathExpectationsHelper.java:157)
		at org.springframework.test.web.servlet.result.JsonPathResultMatchers.lambda$isNumber$11(JsonPathResultMatchers.java:218)
		at org.springframework.test.web.servlet.MockMvc$1.andExpect(MockMvc.java:212)
		at org.springframework.test.web.servlet.ResultActions.lambda$andExpectAll$0(ResultActions.java:86)
		at org.springframework.test.util.ExceptionCollector.execute(ExceptionCollector.java:49)
		at org.springframework.test.web.servlet.ResultActions.andExpectAll(ResultActions.java:86)
		... 84 more
	Caused by: java.lang.IllegalArgumentException: json can not be null or empty
		at com.jayway.jsonpath.internal.Utils.notEmpty(Utils.java:401)
		at com.jayway.jsonpath.JsonPath.read(JsonPath.java:390)
		at com.jayway.jsonpath.JsonPath.read(JsonPath.java:377)
		at org.springframework.test.util.JsonPathExpectationsHelper.evaluateJsonPath(JsonPathExpectationsHelper.java:301)
		... 91 more
	Suppressed: java.lang.AssertionError: No value at JSON path &quot;$.name&quot;
		at org.springframework.test.util.JsonPathExpectationsHelper.evaluateJsonPath(JsonPathExpectationsHelper.java:304)
		at org.springframework.test.util.JsonPathExpectationsHelper.assertValue(JsonPathExpectationsHelper.java:99)
		at org.springframework.test.web.servlet.result.JsonPathResultMatchers.lambda$value$2(JsonPathResultMatchers.java:111)
		at org.springframework.test.web.servlet.MockMvc$1.andExpect(MockMvc.java:212)
		at org.springframework.test.web.servlet.ResultActions.lambda$andExpectAll$0(ResultActions.java:86)
		at org.springframework.test.util.ExceptionCollector.execute(ExceptionCollector.java:49)
		at org.springframework.test.web.servlet.ResultActions.andExpectAll(ResultActions.java:86)
		... 84 more
	Caused by: java.lang.IllegalArgumentException: json can not be null or empty
		at com.jayway.jsonpath.internal.Utils.notEmpty(Utils.java:401)
		at com.jayway.jsonpath.JsonPath.read(JsonPath.java:390)
		at com.jayway.jsonpath.JsonPath.read(JsonPath.java:377)
		at org.springframework.test.util.JsonPathExpectationsHelper.evaluateJsonPath(JsonPathExpectationsHelper.java:301)
		... 90 more
	Suppressed: java.lang.AssertionError: No value at JSON path &quot;$.user_id&quot;
		at org.springframework.test.util.JsonPathExpectationsHelper.evaluateJsonPath(JsonPathExpectationsHelper.java:304)
		at org.springframework.test.util.JsonPathExpectationsHelper.assertValue(JsonPathExpectationsHelper.java:99)
		at org.springframework.test.web.servlet.result.JsonPathResultMatchers.lambda$value$2(JsonPathResultMatchers.java:111)
		at org.springframework.test.web.servlet.MockMvc$1.andExpect(MockMvc.java:212)
		at org.springframework.test.web.servlet.ResultActions.lambda$andExpectAll$0(ResultActions.java:86)
		at org.springframework.test.util.ExceptionCollector.execute(ExceptionCollector.java:49)
		at org.springframework.test.web.servlet.ResultActions.andExpectAll(ResultActions.java:86)
		... 84 more
	Caused by: java.lang.IllegalArgumentException: json can not be null or empty
		at com.jayway.jsonpath.internal.Utils.notEmpty(Utils.java:401)
		at com.jayway.jsonpath.JsonPath.read(JsonPath.java:390)
		at com.jayway.jsonpath.JsonPath.read(JsonPath.java:377)
		at org.springframework.test.util.JsonPathExpectationsHelper.evaluateJsonPath(JsonPathExpectationsHelper.java:301)
		... 90 more
	Suppressed: java.lang.AssertionError: No value at JSON path &quot;$.phone_number&quot;
		at org.springframework.test.util.JsonPathExpectationsHelper.evaluateJsonPath(JsonPathExpectationsHelper.java:304)
		at org.springframework.test.util.JsonPathExpectationsHelper.assertValue(JsonPathExpectationsHelper.java:99)
		at org.springframework.test.web.servlet.result.JsonPathResultMatchers.lambda$value$2(JsonPathResultMatchers.java:111)
		at org.springframework.test.web.servlet.MockMvc$1.andExpect(MockMvc.java:212)
		at org.springframework.test.web.servlet.ResultActions.lambda$andExpectAll$0(ResultActions.java:86)
		at org.springframework.test.util.ExceptionCollector.execute(ExceptionCollector.java:49)
		at org.springframework.test.web.servlet.ResultActions.andExpectAll(ResultActions.java:86)
		... 84 more
	Caused by: java.lang.IllegalArgumentException: json can not be null or empty
		at com.jayway.jsonpath.internal.Utils.notEmpty(Utils.java:401)
		at com.jayway.jsonpath.JsonPath.read(JsonPath.java:390)
		at com.jayway.jsonpath.JsonPath.read(JsonPath.java:377)
		at org.springframework.test.util.JsonPathExpectationsHelper.evaluateJsonPath(JsonPathExpectationsHelper.java:301)
		... 90 more
	Suppressed: java.lang.AssertionError: No value at JSON path &quot;$.character&quot;
		at org.springframework.test.util.JsonPathExpectationsHelper.evaluateJsonPath(JsonPathExpectationsHelper.java:304)
		at org.springframework.test.util.JsonPathExpectationsHelper.assertExistsAndReturn(JsonPathExpectationsHelper.java:328)
		at org.springframework.test.util.JsonPathExpectationsHelper.assertValueIsString(JsonPathExpectationsHelper.java:135)
		at org.springframework.test.web.servlet.result.JsonPathResultMatchers.lambda$isString$9(JsonPathResultMatchers.java:200)
		at org.springframework.test.web.servlet.MockMvc$1.andExpect(MockMvc.java:212)
		at org.springframework.test.web.servlet.ResultActions.lambda$andExpectAll$0(ResultActions.java:86)
		at org.springframework.test.util.ExceptionCollector.execute(ExceptionCollector.java:49)
		at org.springframework.test.web.servlet.ResultActions.andExpectAll(ResultActions.java:86)
		... 84 more
	Caused by: java.lang.IllegalArgumentException: json can not be null or empty
		at com.jayway.jsonpath.internal.Utils.notEmpty(Utils.java:401)
		at com.jayway.jsonpath.JsonPath.read(JsonPath.java:390)
		at com.jayway.jsonpath.JsonPath.read(JsonPath.java:377)
		at org.springframework.test.util.JsonPathExpectationsHelper.evaluateJsonPath(JsonPathExpectationsHelper.java:301)
		... 91 more
	Suppressed: java.lang.AssertionError: No value at JSON path &quot;$.created_at&quot;
		at org.springframework.test.util.JsonPathExpectationsHelper.evaluateJsonPath(JsonPathExpectationsHelper.java:304)
		at org.springframework.test.util.JsonPathExpectationsHelper.assertValueIsNotEmpty(JsonPathExpectationsHelper.java:240)
		at org.springframework.test.web.servlet.result.JsonPathResultMatchers.lambda$isNotEmpty$6(JsonPathResultMatchers.java:162)
		at org.springframework.test.web.servlet.MockMvc$1.andExpect(MockMvc.java:212)
		at org.springframework.test.web.servlet.ResultActions.lambda$andExpectAll$0(ResultActions.java:86)
		at org.springframework.test.util.ExceptionCollector.execute(ExceptionCollector.java:49)
		at org.springframework.test.web.servlet.ResultActions.andExpectAll(ResultActions.java:86)
		... 84 more
	Caused by: java.lang.IllegalArgumentException: json can not be null or empty
		at com.jayway.jsonpath.internal.Utils.notEmpty(Utils.java:401)
		at com.jayway.jsonpath.JsonPath.read(JsonPath.java:390)
		at com.jayway.jsonpath.JsonPath.read(JsonPath.java:377)
		at org.springframework.test.util.JsonPathExpectationsHelper.evaluateJsonPath(JsonPathExpectationsHelper.java:301)
		... 90 more
	Suppressed: java.lang.AssertionError: No value at JSON path &quot;$.advantage&quot;
		at org.springframework.test.util.JsonPathExpectationsHelper.evaluateJsonPath(JsonPathExpectationsHelper.java:304)
		at org.springframework.test.util.JsonPathExpectationsHelper.assertExistsAndReturn(JsonPathExpectationsHelper.java:328)
		at org.springframework.test.util.JsonPathExpectationsHelper.assertValueIsNumber(JsonPathExpectationsHelper.java:157)
		at org.springframework.test.web.servlet.result.JsonPathResultMatchers.lambda$isNumber$11(JsonPathResultMatchers.java:218)
		at org.springframework.test.web.servlet.MockMvc$1.andExpect(MockMvc.java:212)
		at org.springframework.test.web.servlet.ResultActions.lambda$andExpectAll$0(ResultActions.java:86)
		at org.springframework.test.util.ExceptionCollector.execute(ExceptionCollector.java:49)
		at org.springframework.test.web.servlet.ResultActions.andExpectAll(ResultActions.java:86)
		... 84 more
	Caused by: java.lang.IllegalArgumentException: json can not be null or empty
		at com.jayway.jsonpath.internal.Utils.notEmpty(Utils.java:401)
		at com.jayway.jsonpath.JsonPath.read(JsonPath.java:390)
		at com.jayway.jsonpath.JsonPath.read(JsonPath.java:377)
		at org.springframework.test.util.JsonPathExpectationsHelper.evaluateJsonPath(JsonPathExpectationsHelper.java:301)
		... 91 more
	Suppressed: java.lang.AssertionError: No value at JSON path &quot;$.penalty&quot;
		at org.springframework.test.util.JsonPathExpectationsHelper.evaluateJsonPath(JsonPathExpectationsHelper.java:304)
		at org.springframework.test.util.JsonPathExpectationsHelper.assertExistsAndReturn(JsonPathExpectationsHelper.java:328)
		at org.springframework.test.util.JsonPathExpectationsHelper.assertValueIsNumber(JsonPathExpectationsHelper.java:157)
		at org.springframework.test.web.servlet.result.JsonPathResultMatchers.lambda$isNumber$11(JsonPathResultMatchers.java:218)
		at org.springframework.test.web.servlet.MockMvc$1.andExpect(MockMvc.java:212)
		at org.springframework.test.web.servlet.ResultActions.lambda$andExpectAll$0(ResultActions.java:86)
		at org.springframework.test.util.ExceptionCollector.execute(ExceptionCollector.java:49)
		at org.springframework.test.web.servlet.ResultActions.andExpectAll(ResultActions.java:86)
		... 84 more
	Caused by: java.lang.IllegalArgumentException: json can not be null or empty
		at com.jayway.jsonpath.internal.Utils.notEmpty(Utils.java:401)
		at com.jayway.jsonpath.JsonPath.read(JsonPath.java:390)
		at com.jayway.jsonpath.JsonPath.read(JsonPath.java:377)
		at org.springframework.test.util.JsonPathExpectationsHelper.evaluateJsonPath(JsonPathExpectationsHelper.java:301)
		... 91 more
	Suppressed: java.lang.AssertionError: No value at JSON path &quot;$.social_login&quot;
		at org.springframework.test.util.JsonPathExpectationsHelper.evaluateJsonPath(JsonPathExpectationsHelper.java:304)
		at org.springframework.test.util.JsonPathExpectationsHelper.assertExistsAndReturn(JsonPathExpectationsHelper.java:328)
		at org.springframework.test.util.JsonPathExpectationsHelper.assertValueIsArray(JsonPathExpectationsHelper.java:167)
		at org.springframework.test.web.servlet.result.JsonPathResultMatchers.lambda$isArray$12(JsonPathResultMatchers.java:226)
		at org.springframework.test.web.servlet.MockMvc$1.andExpect(MockMvc.java:212)
		at org.springframework.test.web.servlet.ResultActions.lambda$andExpectAll$0(ResultActions.java:86)
		at org.springframework.test.util.ExceptionCollector.execute(ExceptionCollector.java:49)
		at org.springframework.test.web.servlet.ResultActions.andExpectAll(ResultActions.java:86)
		... 84 more
	Caused by: java.lang.IllegalArgumentException: json can not be null or empty
		at com.jayway.jsonpath.internal.Utils.notEmpty(Utils.java:401)
		at com.jayway.jsonpath.JsonPath.read(JsonPath.java:390)
		at com.jayway.jsonpath.JsonPath.read(JsonPath.java:377)
		at org.springframework.test.util.JsonPathExpectationsHelper.evaluateJsonPath(JsonPathExpectationsHelper.java:301)
		... 91 more
</failure>
  </testcase>
  <testcase name="유저 생성 실패 인수 테스트 - 중복 아이디" classname="org.waldreg.acceptance.user.UserAcceptanceTest" time="0.03">
    <failure message="java.lang.AssertionError: Multiple Exceptions (6):&#10;Status expected:&lt;400&gt; but was:&lt;404&gt;&#10;Response header 'Content-Type' expected:&lt;application/json&gt; but was:&lt;null&gt;&#10;Response header 'api-version' expected:&lt;1.0&gt; but was:&lt;null&gt;&#10;Content type not set&#10;No value at JSON path &quot;$.messages&quot;&#10;No value at JSON path &quot;$.document_url&quot;" type="java.lang.AssertionError">java.lang.AssertionError: Multiple Exceptions (6):
Status expected:&lt;400&gt; but was:&lt;404&gt;
Response header 'Content-Type' expected:&lt;application/json&gt; but was:&lt;null&gt;
Response header 'api-version' expected:&lt;1.0&gt; but was:&lt;null&gt;
Content type not set
No value at JSON path &quot;$.messages&quot;
No value at JSON path &quot;$.document_url&quot;
	at org.springframework.test.util.ExceptionCollector.assertEmpty(ExceptionCollector.java:107)
	at org.springframework.test.web.servlet.ResultActions.andExpectAll(ResultActions.java:88)
	at org.waldreg.acceptance.user.UserAcceptanceTest.CREATE_NEW_USER_FAIL_CAUSE_DUPLICATE_USER_ID(UserAcceptanceTest.java:104)
	at java.base/jdk.internal.reflect.NativeMethodAccessorImpl.invoke0(Native Method)
	at java.base/jdk.internal.reflect.NativeMethodAccessorImpl.invoke(NativeMethodAccessorImpl.java:62)
	at java.base/jdk.internal.reflect.DelegatingMethodAccessorImpl.invoke(DelegatingMethodAccessorImpl.java:43)
	at java.base/java.lang.reflect.Method.invoke(Method.java:566)
	at org.junit.platform.commons.util.ReflectionUtils.invokeMethod(ReflectionUtils.java:725)
	at org.junit.jupiter.engine.execution.MethodInvocation.proceed(MethodInvocation.java:60)
	at org.junit.jupiter.engine.execution.InvocationInterceptorChain$ValidatingInvocation.proceed(InvocationInterceptorChain.java:131)
	at org.junit.jupiter.engine.extension.TimeoutExtension.intercept(TimeoutExtension.java:149)
	at org.junit.jupiter.engine.extension.TimeoutExtension.interceptTestableMethod(TimeoutExtension.java:140)
	at org.junit.jupiter.engine.extension.TimeoutExtension.interceptTestMethod(TimeoutExtension.java:84)
	at org.junit.jupiter.engine.execution.ExecutableInvoker$ReflectiveInterceptorCall.lambda$ofVoidMethod$0(ExecutableInvoker.java:115)
	at org.junit.jupiter.engine.execution.ExecutableInvoker.lambda$invoke$0(ExecutableInvoker.java:105)
	at org.junit.jupiter.engine.execution.InvocationInterceptorChain$InterceptedInvocation.proceed(InvocationInterceptorChain.java:106)
	at org.junit.jupiter.engine.execution.InvocationInterceptorChain.proceed(InvocationInterceptorChain.java:64)
	at org.junit.jupiter.engine.execution.InvocationInterceptorChain.chainAndInvoke(InvocationInterceptorChain.java:45)
	at org.junit.jupiter.engine.execution.InvocationInterceptorChain.invoke(InvocationInterceptorChain.java:37)
	at org.junit.jupiter.engine.execution.ExecutableInvoker.invoke(ExecutableInvoker.java:104)
	at org.junit.jupiter.engine.execution.ExecutableInvoker.invoke(ExecutableInvoker.java:98)
	at org.junit.jupiter.engine.descriptor.TestMethodTestDescriptor.lambda$invokeTestMethod$7(TestMethodTestDescriptor.java:214)
	at org.junit.platform.engine.support.hierarchical.ThrowableCollector.execute(ThrowableCollector.java:73)
	at org.junit.jupiter.engine.descriptor.TestMethodTestDescriptor.invokeTestMethod(TestMethodTestDescriptor.java:210)
	at org.junit.jupiter.engine.descriptor.TestMethodTestDescriptor.execute(TestMethodTestDescriptor.java:135)
	at org.junit.jupiter.engine.descriptor.TestMethodTestDescriptor.execute(TestMethodTestDescriptor.java:66)
	at org.junit.platform.engine.support.hierarchical.NodeTestTask.lambda$executeRecursively$6(NodeTestTask.java:151)
	at org.junit.platform.engine.support.hierarchical.ThrowableCollector.execute(ThrowableCollector.java:73)
	at org.junit.platform.engine.support.hierarchical.NodeTestTask.lambda$executeRecursively$8(NodeTestTask.java:141)
	at org.junit.platform.engine.support.hierarchical.Node.around(Node.java:137)
	at org.junit.platform.engine.support.hierarchical.NodeTestTask.lambda$executeRecursively$9(NodeTestTask.java:139)
	at org.junit.platform.engine.support.hierarchical.ThrowableCollector.execute(ThrowableCollector.java:73)
	at org.junit.platform.engine.support.hierarchical.NodeTestTask.executeRecursively(NodeTestTask.java:138)
	at org.junit.platform.engine.support.hierarchical.NodeTestTask.execute(NodeTestTask.java:95)
	at java.base/java.util.ArrayList.forEach(ArrayList.java:1541)
	at org.junit.platform.engine.support.hierarchical.SameThreadHierarchicalTestExecutorService.invokeAll(SameThreadHierarchicalTestExecutorService.java:41)
	at org.junit.platform.engine.support.hierarchical.NodeTestTask.lambda$executeRecursively$6(NodeTestTask.java:155)
	at org.junit.platform.engine.support.hierarchical.ThrowableCollector.execute(ThrowableCollector.java:73)
	at org.junit.platform.engine.support.hierarchical.NodeTestTask.lambda$executeRecursively$8(NodeTestTask.java:141)
	at org.junit.platform.engine.support.hierarchical.Node.around(Node.java:137)
	at org.junit.platform.engine.support.hierarchical.NodeTestTask.lambda$executeRecursively$9(NodeTestTask.java:139)
	at org.junit.platform.engine.support.hierarchical.ThrowableCollector.execute(ThrowableCollector.java:73)
	at org.junit.platform.engine.support.hierarchical.NodeTestTask.executeRecursively(NodeTestTask.java:138)
	at org.junit.platform.engine.support.hierarchical.NodeTestTask.execute(NodeTestTask.java:95)
	at java.base/java.util.ArrayList.forEach(ArrayList.java:1541)
	at org.junit.platform.engine.support.hierarchical.SameThreadHierarchicalTestExecutorService.invokeAll(SameThreadHierarchicalTestExecutorService.java:41)
	at org.junit.platform.engine.support.hierarchical.NodeTestTask.lambda$executeRecursively$6(NodeTestTask.java:155)
	at org.junit.platform.engine.support.hierarchical.ThrowableCollector.execute(ThrowableCollector.java:73)
	at org.junit.platform.engine.support.hierarchical.NodeTestTask.lambda$executeRecursively$8(NodeTestTask.java:141)
	at org.junit.platform.engine.support.hierarchical.Node.around(Node.java:137)
	at org.junit.platform.engine.support.hierarchical.NodeTestTask.lambda$executeRecursively$9(NodeTestTask.java:139)
	at org.junit.platform.engine.support.hierarchical.ThrowableCollector.execute(ThrowableCollector.java:73)
	at org.junit.platform.engine.support.hierarchical.NodeTestTask.executeRecursively(NodeTestTask.java:138)
	at org.junit.platform.engine.support.hierarchical.NodeTestTask.execute(NodeTestTask.java:95)
	at org.junit.platform.engine.support.hierarchical.SameThreadHierarchicalTestExecutorService.submit(SameThreadHierarchicalTestExecutorService.java:35)
	at org.junit.platform.engine.support.hierarchical.HierarchicalTestExecutor.execute(HierarchicalTestExecutor.java:57)
	at org.junit.platform.engine.support.hierarchical.HierarchicalTestEngine.execute(HierarchicalTestEngine.java:54)
	at org.junit.platform.launcher.core.EngineExecutionOrchestrator.execute(EngineExecutionOrchestrator.java:108)
	at org.junit.platform.launcher.core.EngineExecutionOrchestrator.execute(EngineExecutionOrchestrator.java:88)
	at org.junit.platform.launcher.core.EngineExecutionOrchestrator.lambda$execute$0(EngineExecutionOrchestrator.java:54)
	at org.junit.platform.launcher.core.EngineExecutionOrchestrator.withInterceptedStreams(EngineExecutionOrchestrator.java:67)
	at org.junit.platform.launcher.core.EngineExecutionOrchestrator.execute(EngineExecutionOrchestrator.java:52)
	at org.junit.platform.launcher.core.DefaultLauncher.execute(DefaultLauncher.java:96)
	at org.junit.platform.launcher.core.DefaultLauncher.execute(DefaultLauncher.java:75)
	at org.gradle.api.internal.tasks.testing.junitplatform.JUnitPlatformTestClassProcessor$CollectAllTestClassesExecutor.processAllTestClasses(JUnitPlatformTestClassProcessor.java:99)
	at org.gradle.api.internal.tasks.testing.junitplatform.JUnitPlatformTestClassProcessor$CollectAllTestClassesExecutor.access$000(JUnitPlatformTestClassProcessor.java:79)
	at org.gradle.api.internal.tasks.testing.junitplatform.JUnitPlatformTestClassProcessor.stop(JUnitPlatformTestClassProcessor.java:75)
	at org.gradle.api.internal.tasks.testing.SuiteTestClassProcessor.stop(SuiteTestClassProcessor.java:61)
	at java.base/jdk.internal.reflect.NativeMethodAccessorImpl.invoke0(Native Method)
	at java.base/jdk.internal.reflect.NativeMethodAccessorImpl.invoke(NativeMethodAccessorImpl.java:62)
	at java.base/jdk.internal.reflect.DelegatingMethodAccessorImpl.invoke(DelegatingMethodAccessorImpl.java:43)
	at java.base/java.lang.reflect.Method.invoke(Method.java:566)
	at org.gradle.internal.dispatch.ReflectionDispatch.dispatch(ReflectionDispatch.java:36)
	at org.gradle.internal.dispatch.ReflectionDispatch.dispatch(ReflectionDispatch.java:24)
	at org.gradle.internal.dispatch.ContextClassLoaderDispatch.dispatch(ContextClassLoaderDispatch.java:33)
	at org.gradle.internal.dispatch.ProxyDispatchAdapter$DispatchingInvocationHandler.invoke(ProxyDispatchAdapter.java:94)
	at com.sun.proxy.$Proxy2.stop(Unknown Source)
	at org.gradle.api.internal.tasks.testing.worker.TestWorker$3.run(TestWorker.java:193)
	at org.gradle.api.internal.tasks.testing.worker.TestWorker.executeAndMaintainThreadName(TestWorker.java:129)
	at org.gradle.api.internal.tasks.testing.worker.TestWorker.execute(TestWorker.java:100)
	at org.gradle.api.internal.tasks.testing.worker.TestWorker.execute(TestWorker.java:60)
	at org.gradle.process.internal.worker.child.ActionExecutionWorker.execute(ActionExecutionWorker.java:56)
	at org.gradle.process.internal.worker.child.SystemApplicationClassLoaderWorker.call(SystemApplicationClassLoaderWorker.java:133)
	at org.gradle.process.internal.worker.child.SystemApplicationClassLoaderWorker.call(SystemApplicationClassLoaderWorker.java:71)
	at worker.org.gradle.process.internal.worker.GradleWorkerMain.run(GradleWorkerMain.java:69)
	at worker.org.gradle.process.internal.worker.GradleWorkerMain.main(GradleWorkerMain.java:74)
	Suppressed: java.lang.AssertionError: Status expected:&lt;400&gt; but was:&lt;404&gt;
		at org.springframework.test.util.AssertionErrors.fail(AssertionErrors.java:59)
		at org.springframework.test.util.AssertionErrors.assertEquals(AssertionErrors.java:122)
		at org.springframework.test.web.servlet.result.StatusResultMatchers.lambda$matcher$9(StatusResultMatchers.java:627)
		at org.springframework.test.web.servlet.MockMvc$1.andExpect(MockMvc.java:212)
		at org.springframework.test.web.servlet.ResultActions.lambda$andExpectAll$0(ResultActions.java:86)
		at org.springframework.test.util.ExceptionCollector.execute(ExceptionCollector.java:49)
		at org.springframework.test.web.servlet.ResultActions.andExpectAll(ResultActions.java:86)
		... 84 more
	Suppressed: java.lang.AssertionError: Response header 'Content-Type' expected:&lt;application/json&gt; but was:&lt;null&gt;
		at org.springframework.test.util.AssertionErrors.fail(AssertionErrors.java:59)
		at org.springframework.test.util.AssertionErrors.assertEquals(AssertionErrors.java:122)
		at org.springframework.test.web.servlet.result.HeaderResultMatchers.lambda$string$2(HeaderResultMatchers.java:79)
		at org.springframework.test.web.servlet.MockMvc$1.andExpect(MockMvc.java:212)
		at org.springframework.test.web.servlet.ResultActions.lambda$andExpectAll$0(ResultActions.java:86)
		at org.springframework.test.util.ExceptionCollector.execute(ExceptionCollector.java:49)
		at org.springframework.test.web.servlet.ResultActions.andExpectAll(ResultActions.java:86)
		... 84 more
	Suppressed: java.lang.AssertionError: Response header 'api-version' expected:&lt;1.0&gt; but was:&lt;null&gt;
		at org.springframework.test.util.AssertionErrors.fail(AssertionErrors.java:59)
		at org.springframework.test.util.AssertionErrors.assertEquals(AssertionErrors.java:122)
		at org.springframework.test.web.servlet.result.HeaderResultMatchers.lambda$string$2(HeaderResultMatchers.java:79)
		at org.springframework.test.web.servlet.MockMvc$1.andExpect(MockMvc.java:212)
		at org.springframework.test.web.servlet.ResultActions.lambda$andExpectAll$0(ResultActions.java:86)
		at org.springframework.test.util.ExceptionCollector.execute(ExceptionCollector.java:49)
		at org.springframework.test.web.servlet.ResultActions.andExpectAll(ResultActions.java:86)
		... 84 more
	Suppressed: java.lang.AssertionError: Content type not set
		at org.springframework.test.util.AssertionErrors.fail(AssertionErrors.java:37)
		at org.springframework.test.util.AssertionErrors.assertTrue(AssertionErrors.java:70)
		at org.springframework.test.util.AssertionErrors.assertNotNull(AssertionErrors.java:106)
		at org.springframework.test.web.servlet.result.ContentResultMatchers.lambda$contentType$0(ContentResultMatchers.java:85)
		at org.springframework.test.web.servlet.MockMvc$1.andExpect(MockMvc.java:212)
		at org.springframework.test.web.servlet.ResultActions.lambda$andExpectAll$0(ResultActions.java:86)
		at org.springframework.test.util.ExceptionCollector.execute(ExceptionCollector.java:49)
		at org.springframework.test.web.servlet.ResultActions.andExpectAll(ResultActions.java:86)
		... 84 more
	Suppressed: java.lang.AssertionError: No value at JSON path &quot;$.messages&quot;
		at org.springframework.test.util.JsonPathExpectationsHelper.evaluateJsonPath(JsonPathExpectationsHelper.java:304)
		at org.springframework.test.util.JsonPathExpectationsHelper.assertValue(JsonPathExpectationsHelper.java:99)
		at org.springframework.test.web.servlet.result.JsonPathResultMatchers.lambda$value$2(JsonPathResultMatchers.java:111)
		at org.springframework.test.web.servlet.MockMvc$1.andExpect(MockMvc.java:212)
		at org.springframework.test.web.servlet.ResultActions.lambda$andExpectAll$0(ResultActions.java:86)
		at org.springframework.test.util.ExceptionCollector.execute(ExceptionCollector.java:49)
		at org.springframework.test.web.servlet.ResultActions.andExpectAll(ResultActions.java:86)
		... 84 more
	Caused by: java.lang.IllegalArgumentException: json can not be null or empty
		at com.jayway.jsonpath.internal.Utils.notEmpty(Utils.java:401)
		at com.jayway.jsonpath.JsonPath.read(JsonPath.java:390)
		at com.jayway.jsonpath.JsonPath.read(JsonPath.java:377)
		at org.springframework.test.util.JsonPathExpectationsHelper.evaluateJsonPath(JsonPathExpectationsHelper.java:301)
		... 90 more
	Suppressed: java.lang.AssertionError: No value at JSON path &quot;$.document_url&quot;
		at org.springframework.test.util.JsonPathExpectationsHelper.evaluateJsonPath(JsonPathExpectationsHelper.java:304)
		at org.springframework.test.util.JsonPathExpectationsHelper.assertValue(JsonPathExpectationsHelper.java:99)
		at org.springframework.test.web.servlet.result.JsonPathResultMatchers.lambda$value$2(JsonPathResultMatchers.java:111)
		at org.springframework.test.web.servlet.MockMvc$1.andExpect(MockMvc.java:212)
		at org.springframework.test.web.servlet.ResultActions.lambda$andExpectAll$0(ResultActions.java:86)
		at org.springframework.test.util.ExceptionCollector.execute(ExceptionCollector.java:49)
		at org.springframework.test.web.servlet.ResultActions.andExpectAll(ResultActions.java:86)
		... 84 more
	Caused by: java.lang.IllegalArgumentException: json can not be null or empty
		at com.jayway.jsonpath.internal.Utils.notEmpty(Utils.java:401)
		at com.jayway.jsonpath.JsonPath.read(JsonPath.java:390)
		at com.jayway.jsonpath.JsonPath.read(JsonPath.java:377)
		at org.springframework.test.util.JsonPathExpectationsHelper.evaluateJsonPath(JsonPathExpectationsHelper.java:301)
		... 90 more
</failure>
  </testcase>
  <testcase name="특정 유저 조회 실패 테스트 - 없는 유저" classname="org.waldreg.acceptance.user.UserAcceptanceTest" time="0.024">
    <failure message="java.lang.AssertionError: Multiple Exceptions (6):&#10;Status expected:&lt;400&gt; but was:&lt;404&gt;&#10;Response header 'Content-Type' expected:&lt;application/json&gt; but was:&lt;null&gt;&#10;Response header 'api-version' expected:&lt;1.0&gt; but was:&lt;null&gt;&#10;Content type not set&#10;No value at JSON path &quot;$.messages&quot;&#10;No value at JSON path &quot;$.document_url&quot;" type="java.lang.AssertionError">java.lang.AssertionError: Multiple Exceptions (6):
Status expected:&lt;400&gt; but was:&lt;404&gt;
Response header 'Content-Type' expected:&lt;application/json&gt; but was:&lt;null&gt;
Response header 'api-version' expected:&lt;1.0&gt; but was:&lt;null&gt;
Content type not set
No value at JSON path &quot;$.messages&quot;
No value at JSON path &quot;$.document_url&quot;
	at org.springframework.test.util.ExceptionCollector.assertEmpty(ExceptionCollector.java:107)
	at org.springframework.test.web.servlet.ResultActions.andExpectAll(ResultActions.java:88)
	at org.waldreg.acceptance.user.UserAcceptanceTest.INQUERY_USER_FAIL_CAUSE_UNKNOWN_USER_TEST(UserAcceptanceTest.java:301)
	at java.base/jdk.internal.reflect.NativeMethodAccessorImpl.invoke0(Native Method)
	at java.base/jdk.internal.reflect.NativeMethodAccessorImpl.invoke(NativeMethodAccessorImpl.java:62)
	at java.base/jdk.internal.reflect.DelegatingMethodAccessorImpl.invoke(DelegatingMethodAccessorImpl.java:43)
	at java.base/java.lang.reflect.Method.invoke(Method.java:566)
	at org.junit.platform.commons.util.ReflectionUtils.invokeMethod(ReflectionUtils.java:725)
	at org.junit.jupiter.engine.execution.MethodInvocation.proceed(MethodInvocation.java:60)
	at org.junit.jupiter.engine.execution.InvocationInterceptorChain$ValidatingInvocation.proceed(InvocationInterceptorChain.java:131)
	at org.junit.jupiter.engine.extension.TimeoutExtension.intercept(TimeoutExtension.java:149)
	at org.junit.jupiter.engine.extension.TimeoutExtension.interceptTestableMethod(TimeoutExtension.java:140)
	at org.junit.jupiter.engine.extension.TimeoutExtension.interceptTestMethod(TimeoutExtension.java:84)
	at org.junit.jupiter.engine.execution.ExecutableInvoker$ReflectiveInterceptorCall.lambda$ofVoidMethod$0(ExecutableInvoker.java:115)
	at org.junit.jupiter.engine.execution.ExecutableInvoker.lambda$invoke$0(ExecutableInvoker.java:105)
	at org.junit.jupiter.engine.execution.InvocationInterceptorChain$InterceptedInvocation.proceed(InvocationInterceptorChain.java:106)
	at org.junit.jupiter.engine.execution.InvocationInterceptorChain.proceed(InvocationInterceptorChain.java:64)
	at org.junit.jupiter.engine.execution.InvocationInterceptorChain.chainAndInvoke(InvocationInterceptorChain.java:45)
	at org.junit.jupiter.engine.execution.InvocationInterceptorChain.invoke(InvocationInterceptorChain.java:37)
	at org.junit.jupiter.engine.execution.ExecutableInvoker.invoke(ExecutableInvoker.java:104)
	at org.junit.jupiter.engine.execution.ExecutableInvoker.invoke(ExecutableInvoker.java:98)
	at org.junit.jupiter.engine.descriptor.TestMethodTestDescriptor.lambda$invokeTestMethod$7(TestMethodTestDescriptor.java:214)
	at org.junit.platform.engine.support.hierarchical.ThrowableCollector.execute(ThrowableCollector.java:73)
	at org.junit.jupiter.engine.descriptor.TestMethodTestDescriptor.invokeTestMethod(TestMethodTestDescriptor.java:210)
	at org.junit.jupiter.engine.descriptor.TestMethodTestDescriptor.execute(TestMethodTestDescriptor.java:135)
	at org.junit.jupiter.engine.descriptor.TestMethodTestDescriptor.execute(TestMethodTestDescriptor.java:66)
	at org.junit.platform.engine.support.hierarchical.NodeTestTask.lambda$executeRecursively$6(NodeTestTask.java:151)
	at org.junit.platform.engine.support.hierarchical.ThrowableCollector.execute(ThrowableCollector.java:73)
	at org.junit.platform.engine.support.hierarchical.NodeTestTask.lambda$executeRecursively$8(NodeTestTask.java:141)
	at org.junit.platform.engine.support.hierarchical.Node.around(Node.java:137)
	at org.junit.platform.engine.support.hierarchical.NodeTestTask.lambda$executeRecursively$9(NodeTestTask.java:139)
	at org.junit.platform.engine.support.hierarchical.ThrowableCollector.execute(ThrowableCollector.java:73)
	at org.junit.platform.engine.support.hierarchical.NodeTestTask.executeRecursively(NodeTestTask.java:138)
	at org.junit.platform.engine.support.hierarchical.NodeTestTask.execute(NodeTestTask.java:95)
	at java.base/java.util.ArrayList.forEach(ArrayList.java:1541)
	at org.junit.platform.engine.support.hierarchical.SameThreadHierarchicalTestExecutorService.invokeAll(SameThreadHierarchicalTestExecutorService.java:41)
	at org.junit.platform.engine.support.hierarchical.NodeTestTask.lambda$executeRecursively$6(NodeTestTask.java:155)
	at org.junit.platform.engine.support.hierarchical.ThrowableCollector.execute(ThrowableCollector.java:73)
	at org.junit.platform.engine.support.hierarchical.NodeTestTask.lambda$executeRecursively$8(NodeTestTask.java:141)
	at org.junit.platform.engine.support.hierarchical.Node.around(Node.java:137)
	at org.junit.platform.engine.support.hierarchical.NodeTestTask.lambda$executeRecursively$9(NodeTestTask.java:139)
	at org.junit.platform.engine.support.hierarchical.ThrowableCollector.execute(ThrowableCollector.java:73)
	at org.junit.platform.engine.support.hierarchical.NodeTestTask.executeRecursively(NodeTestTask.java:138)
	at org.junit.platform.engine.support.hierarchical.NodeTestTask.execute(NodeTestTask.java:95)
	at java.base/java.util.ArrayList.forEach(ArrayList.java:1541)
	at org.junit.platform.engine.support.hierarchical.SameThreadHierarchicalTestExecutorService.invokeAll(SameThreadHierarchicalTestExecutorService.java:41)
	at org.junit.platform.engine.support.hierarchical.NodeTestTask.lambda$executeRecursively$6(NodeTestTask.java:155)
	at org.junit.platform.engine.support.hierarchical.ThrowableCollector.execute(ThrowableCollector.java:73)
	at org.junit.platform.engine.support.hierarchical.NodeTestTask.lambda$executeRecursively$8(NodeTestTask.java:141)
	at org.junit.platform.engine.support.hierarchical.Node.around(Node.java:137)
	at org.junit.platform.engine.support.hierarchical.NodeTestTask.lambda$executeRecursively$9(NodeTestTask.java:139)
	at org.junit.platform.engine.support.hierarchical.ThrowableCollector.execute(ThrowableCollector.java:73)
	at org.junit.platform.engine.support.hierarchical.NodeTestTask.executeRecursively(NodeTestTask.java:138)
	at org.junit.platform.engine.support.hierarchical.NodeTestTask.execute(NodeTestTask.java:95)
	at org.junit.platform.engine.support.hierarchical.SameThreadHierarchicalTestExecutorService.submit(SameThreadHierarchicalTestExecutorService.java:35)
	at org.junit.platform.engine.support.hierarchical.HierarchicalTestExecutor.execute(HierarchicalTestExecutor.java:57)
	at org.junit.platform.engine.support.hierarchical.HierarchicalTestEngine.execute(HierarchicalTestEngine.java:54)
	at org.junit.platform.launcher.core.EngineExecutionOrchestrator.execute(EngineExecutionOrchestrator.java:108)
	at org.junit.platform.launcher.core.EngineExecutionOrchestrator.execute(EngineExecutionOrchestrator.java:88)
	at org.junit.platform.launcher.core.EngineExecutionOrchestrator.lambda$execute$0(EngineExecutionOrchestrator.java:54)
	at org.junit.platform.launcher.core.EngineExecutionOrchestrator.withInterceptedStreams(EngineExecutionOrchestrator.java:67)
	at org.junit.platform.launcher.core.EngineExecutionOrchestrator.execute(EngineExecutionOrchestrator.java:52)
	at org.junit.platform.launcher.core.DefaultLauncher.execute(DefaultLauncher.java:96)
	at org.junit.platform.launcher.core.DefaultLauncher.execute(DefaultLauncher.java:75)
	at org.gradle.api.internal.tasks.testing.junitplatform.JUnitPlatformTestClassProcessor$CollectAllTestClassesExecutor.processAllTestClasses(JUnitPlatformTestClassProcessor.java:99)
	at org.gradle.api.internal.tasks.testing.junitplatform.JUnitPlatformTestClassProcessor$CollectAllTestClassesExecutor.access$000(JUnitPlatformTestClassProcessor.java:79)
	at org.gradle.api.internal.tasks.testing.junitplatform.JUnitPlatformTestClassProcessor.stop(JUnitPlatformTestClassProcessor.java:75)
	at org.gradle.api.internal.tasks.testing.SuiteTestClassProcessor.stop(SuiteTestClassProcessor.java:61)
	at java.base/jdk.internal.reflect.NativeMethodAccessorImpl.invoke0(Native Method)
	at java.base/jdk.internal.reflect.NativeMethodAccessorImpl.invoke(NativeMethodAccessorImpl.java:62)
	at java.base/jdk.internal.reflect.DelegatingMethodAccessorImpl.invoke(DelegatingMethodAccessorImpl.java:43)
	at java.base/java.lang.reflect.Method.invoke(Method.java:566)
	at org.gradle.internal.dispatch.ReflectionDispatch.dispatch(ReflectionDispatch.java:36)
	at org.gradle.internal.dispatch.ReflectionDispatch.dispatch(ReflectionDispatch.java:24)
	at org.gradle.internal.dispatch.ContextClassLoaderDispatch.dispatch(ContextClassLoaderDispatch.java:33)
	at org.gradle.internal.dispatch.ProxyDispatchAdapter$DispatchingInvocationHandler.invoke(ProxyDispatchAdapter.java:94)
	at com.sun.proxy.$Proxy2.stop(Unknown Source)
	at org.gradle.api.internal.tasks.testing.worker.TestWorker$3.run(TestWorker.java:193)
	at org.gradle.api.internal.tasks.testing.worker.TestWorker.executeAndMaintainThreadName(TestWorker.java:129)
	at org.gradle.api.internal.tasks.testing.worker.TestWorker.execute(TestWorker.java:100)
	at org.gradle.api.internal.tasks.testing.worker.TestWorker.execute(TestWorker.java:60)
	at org.gradle.process.internal.worker.child.ActionExecutionWorker.execute(ActionExecutionWorker.java:56)
	at org.gradle.process.internal.worker.child.SystemApplicationClassLoaderWorker.call(SystemApplicationClassLoaderWorker.java:133)
	at org.gradle.process.internal.worker.child.SystemApplicationClassLoaderWorker.call(SystemApplicationClassLoaderWorker.java:71)
	at worker.org.gradle.process.internal.worker.GradleWorkerMain.run(GradleWorkerMain.java:69)
	at worker.org.gradle.process.internal.worker.GradleWorkerMain.main(GradleWorkerMain.java:74)
	Suppressed: java.lang.AssertionError: Status expected:&lt;400&gt; but was:&lt;404&gt;
		at org.springframework.test.util.AssertionErrors.fail(AssertionErrors.java:59)
		at org.springframework.test.util.AssertionErrors.assertEquals(AssertionErrors.java:122)
		at org.springframework.test.web.servlet.result.StatusResultMatchers.lambda$matcher$9(StatusResultMatchers.java:627)
		at org.springframework.test.web.servlet.MockMvc$1.andExpect(MockMvc.java:212)
		at org.springframework.test.web.servlet.ResultActions.lambda$andExpectAll$0(ResultActions.java:86)
		at org.springframework.test.util.ExceptionCollector.execute(ExceptionCollector.java:49)
		at org.springframework.test.web.servlet.ResultActions.andExpectAll(ResultActions.java:86)
		... 84 more
	Suppressed: java.lang.AssertionError: Response header 'Content-Type' expected:&lt;application/json&gt; but was:&lt;null&gt;
		at org.springframework.test.util.AssertionErrors.fail(AssertionErrors.java:59)
		at org.springframework.test.util.AssertionErrors.assertEquals(AssertionErrors.java:122)
		at org.springframework.test.web.servlet.result.HeaderResultMatchers.lambda$string$2(HeaderResultMatchers.java:79)
		at org.springframework.test.web.servlet.MockMvc$1.andExpect(MockMvc.java:212)
		at org.springframework.test.web.servlet.ResultActions.lambda$andExpectAll$0(ResultActions.java:86)
		at org.springframework.test.util.ExceptionCollector.execute(ExceptionCollector.java:49)
		at org.springframework.test.web.servlet.ResultActions.andExpectAll(ResultActions.java:86)
		... 84 more
	Suppressed: java.lang.AssertionError: Response header 'api-version' expected:&lt;1.0&gt; but was:&lt;null&gt;
		at org.springframework.test.util.AssertionErrors.fail(AssertionErrors.java:59)
		at org.springframework.test.util.AssertionErrors.assertEquals(AssertionErrors.java:122)
		at org.springframework.test.web.servlet.result.HeaderResultMatchers.lambda$string$2(HeaderResultMatchers.java:79)
		at org.springframework.test.web.servlet.MockMvc$1.andExpect(MockMvc.java:212)
		at org.springframework.test.web.servlet.ResultActions.lambda$andExpectAll$0(ResultActions.java:86)
		at org.springframework.test.util.ExceptionCollector.execute(ExceptionCollector.java:49)
		at org.springframework.test.web.servlet.ResultActions.andExpectAll(ResultActions.java:86)
		... 84 more
	Suppressed: java.lang.AssertionError: Content type not set
		at org.springframework.test.util.AssertionErrors.fail(AssertionErrors.java:37)
		at org.springframework.test.util.AssertionErrors.assertTrue(AssertionErrors.java:70)
		at org.springframework.test.util.AssertionErrors.assertNotNull(AssertionErrors.java:106)
		at org.springframework.test.web.servlet.result.ContentResultMatchers.lambda$contentType$0(ContentResultMatchers.java:85)
		at org.springframework.test.web.servlet.MockMvc$1.andExpect(MockMvc.java:212)
		at org.springframework.test.web.servlet.ResultActions.lambda$andExpectAll$0(ResultActions.java:86)
		at org.springframework.test.util.ExceptionCollector.execute(ExceptionCollector.java:49)
		at org.springframework.test.web.servlet.ResultActions.andExpectAll(ResultActions.java:86)
		... 84 more
	Suppressed: java.lang.AssertionError: No value at JSON path &quot;$.messages&quot;
		at org.springframework.test.util.JsonPathExpectationsHelper.evaluateJsonPath(JsonPathExpectationsHelper.java:304)
		at org.springframework.test.util.JsonPathExpectationsHelper.assertValue(JsonPathExpectationsHelper.java:99)
		at org.springframework.test.web.servlet.result.JsonPathResultMatchers.lambda$value$2(JsonPathResultMatchers.java:111)
		at org.springframework.test.web.servlet.MockMvc$1.andExpect(MockMvc.java:212)
		at org.springframework.test.web.servlet.ResultActions.lambda$andExpectAll$0(ResultActions.java:86)
		at org.springframework.test.util.ExceptionCollector.execute(ExceptionCollector.java:49)
		at org.springframework.test.web.servlet.ResultActions.andExpectAll(ResultActions.java:86)
		... 84 more
	Caused by: java.lang.IllegalArgumentException: json can not be null or empty
		at com.jayway.jsonpath.internal.Utils.notEmpty(Utils.java:401)
		at com.jayway.jsonpath.JsonPath.read(JsonPath.java:390)
		at com.jayway.jsonpath.JsonPath.read(JsonPath.java:377)
		at org.springframework.test.util.JsonPathExpectationsHelper.evaluateJsonPath(JsonPathExpectationsHelper.java:301)
		... 90 more
	Suppressed: java.lang.AssertionError: No value at JSON path &quot;$.document_url&quot;
		at org.springframework.test.util.JsonPathExpectationsHelper.evaluateJsonPath(JsonPathExpectationsHelper.java:304)
		at org.springframework.test.util.JsonPathExpectationsHelper.assertValue(JsonPathExpectationsHelper.java:99)
		at org.springframework.test.web.servlet.result.JsonPathResultMatchers.lambda$value$2(JsonPathResultMatchers.java:111)
		at org.springframework.test.web.servlet.MockMvc$1.andExpect(MockMvc.java:212)
		at org.springframework.test.web.servlet.ResultActions.lambda$andExpectAll$0(ResultActions.java:86)
		at org.springframework.test.util.ExceptionCollector.execute(ExceptionCollector.java:49)
		at org.springframework.test.web.servlet.ResultActions.andExpectAll(ResultActions.java:86)
		... 84 more
	Caused by: java.lang.IllegalArgumentException: json can not be null or empty
		at com.jayway.jsonpath.internal.Utils.notEmpty(Utils.java:401)
		at com.jayway.jsonpath.JsonPath.read(JsonPath.java:390)
		at com.jayway.jsonpath.JsonPath.read(JsonPath.java:377)
		at org.springframework.test.util.JsonPathExpectationsHelper.evaluateJsonPath(JsonPathExpectationsHelper.java:301)
		... 90 more
</failure>
  </testcase>
  <testcase name="유저 생성 실패 인수 테스트 - 비밀번호 보안 기준 미달" classname="org.waldreg.acceptance.user.UserAcceptanceTest" time="0.023">
    <failure message="java.lang.AssertionError: Multiple Exceptions (6):&#10;Status expected:&lt;400&gt; but was:&lt;404&gt;&#10;Response header 'Content-Type' expected:&lt;application/json&gt; but was:&lt;null&gt;&#10;Response header 'api-version' expected:&lt;1.0&gt; but was:&lt;null&gt;&#10;Content type not set&#10;No value at JSON path &quot;$.messages&quot;&#10;No value at JSON path &quot;$.document_url&quot;" type="java.lang.AssertionError">java.lang.AssertionError: Multiple Exceptions (6):
Status expected:&lt;400&gt; but was:&lt;404&gt;
Response header 'Content-Type' expected:&lt;application/json&gt; but was:&lt;null&gt;
Response header 'api-version' expected:&lt;1.0&gt; but was:&lt;null&gt;
Content type not set
No value at JSON path &quot;$.messages&quot;
No value at JSON path &quot;$.document_url&quot;
	at org.springframework.test.util.ExceptionCollector.assertEmpty(ExceptionCollector.java:107)
	at org.springframework.test.web.servlet.ResultActions.andExpectAll(ResultActions.java:88)
	at org.waldreg.acceptance.user.UserAcceptanceTest.CREATE_NEW_USER_FAIL_CAUSE_UNSECURE_USER_PWD(UserAcceptanceTest.java:140)
	at java.base/jdk.internal.reflect.NativeMethodAccessorImpl.invoke0(Native Method)
	at java.base/jdk.internal.reflect.NativeMethodAccessorImpl.invoke(NativeMethodAccessorImpl.java:62)
	at java.base/jdk.internal.reflect.DelegatingMethodAccessorImpl.invoke(DelegatingMethodAccessorImpl.java:43)
	at java.base/java.lang.reflect.Method.invoke(Method.java:566)
	at org.junit.platform.commons.util.ReflectionUtils.invokeMethod(ReflectionUtils.java:725)
	at org.junit.jupiter.engine.execution.MethodInvocation.proceed(MethodInvocation.java:60)
	at org.junit.jupiter.engine.execution.InvocationInterceptorChain$ValidatingInvocation.proceed(InvocationInterceptorChain.java:131)
	at org.junit.jupiter.engine.extension.TimeoutExtension.intercept(TimeoutExtension.java:149)
	at org.junit.jupiter.engine.extension.TimeoutExtension.interceptTestableMethod(TimeoutExtension.java:140)
	at org.junit.jupiter.engine.extension.TimeoutExtension.interceptTestMethod(TimeoutExtension.java:84)
	at org.junit.jupiter.engine.execution.ExecutableInvoker$ReflectiveInterceptorCall.lambda$ofVoidMethod$0(ExecutableInvoker.java:115)
	at org.junit.jupiter.engine.execution.ExecutableInvoker.lambda$invoke$0(ExecutableInvoker.java:105)
	at org.junit.jupiter.engine.execution.InvocationInterceptorChain$InterceptedInvocation.proceed(InvocationInterceptorChain.java:106)
	at org.junit.jupiter.engine.execution.InvocationInterceptorChain.proceed(InvocationInterceptorChain.java:64)
	at org.junit.jupiter.engine.execution.InvocationInterceptorChain.chainAndInvoke(InvocationInterceptorChain.java:45)
	at org.junit.jupiter.engine.execution.InvocationInterceptorChain.invoke(InvocationInterceptorChain.java:37)
	at org.junit.jupiter.engine.execution.ExecutableInvoker.invoke(ExecutableInvoker.java:104)
	at org.junit.jupiter.engine.execution.ExecutableInvoker.invoke(ExecutableInvoker.java:98)
	at org.junit.jupiter.engine.descriptor.TestMethodTestDescriptor.lambda$invokeTestMethod$7(TestMethodTestDescriptor.java:214)
	at org.junit.platform.engine.support.hierarchical.ThrowableCollector.execute(ThrowableCollector.java:73)
	at org.junit.jupiter.engine.descriptor.TestMethodTestDescriptor.invokeTestMethod(TestMethodTestDescriptor.java:210)
	at org.junit.jupiter.engine.descriptor.TestMethodTestDescriptor.execute(TestMethodTestDescriptor.java:135)
	at org.junit.jupiter.engine.descriptor.TestMethodTestDescriptor.execute(TestMethodTestDescriptor.java:66)
	at org.junit.platform.engine.support.hierarchical.NodeTestTask.lambda$executeRecursively$6(NodeTestTask.java:151)
	at org.junit.platform.engine.support.hierarchical.ThrowableCollector.execute(ThrowableCollector.java:73)
	at org.junit.platform.engine.support.hierarchical.NodeTestTask.lambda$executeRecursively$8(NodeTestTask.java:141)
	at org.junit.platform.engine.support.hierarchical.Node.around(Node.java:137)
	at org.junit.platform.engine.support.hierarchical.NodeTestTask.lambda$executeRecursively$9(NodeTestTask.java:139)
	at org.junit.platform.engine.support.hierarchical.ThrowableCollector.execute(ThrowableCollector.java:73)
	at org.junit.platform.engine.support.hierarchical.NodeTestTask.executeRecursively(NodeTestTask.java:138)
	at org.junit.platform.engine.support.hierarchical.NodeTestTask.execute(NodeTestTask.java:95)
	at java.base/java.util.ArrayList.forEach(ArrayList.java:1541)
	at org.junit.platform.engine.support.hierarchical.SameThreadHierarchicalTestExecutorService.invokeAll(SameThreadHierarchicalTestExecutorService.java:41)
	at org.junit.platform.engine.support.hierarchical.NodeTestTask.lambda$executeRecursively$6(NodeTestTask.java:155)
	at org.junit.platform.engine.support.hierarchical.ThrowableCollector.execute(ThrowableCollector.java:73)
	at org.junit.platform.engine.support.hierarchical.NodeTestTask.lambda$executeRecursively$8(NodeTestTask.java:141)
	at org.junit.platform.engine.support.hierarchical.Node.around(Node.java:137)
	at org.junit.platform.engine.support.hierarchical.NodeTestTask.lambda$executeRecursively$9(NodeTestTask.java:139)
	at org.junit.platform.engine.support.hierarchical.ThrowableCollector.execute(ThrowableCollector.java:73)
	at org.junit.platform.engine.support.hierarchical.NodeTestTask.executeRecursively(NodeTestTask.java:138)
	at org.junit.platform.engine.support.hierarchical.NodeTestTask.execute(NodeTestTask.java:95)
	at java.base/java.util.ArrayList.forEach(ArrayList.java:1541)
	at org.junit.platform.engine.support.hierarchical.SameThreadHierarchicalTestExecutorService.invokeAll(SameThreadHierarchicalTestExecutorService.java:41)
	at org.junit.platform.engine.support.hierarchical.NodeTestTask.lambda$executeRecursively$6(NodeTestTask.java:155)
	at org.junit.platform.engine.support.hierarchical.ThrowableCollector.execute(ThrowableCollector.java:73)
	at org.junit.platform.engine.support.hierarchical.NodeTestTask.lambda$executeRecursively$8(NodeTestTask.java:141)
	at org.junit.platform.engine.support.hierarchical.Node.around(Node.java:137)
	at org.junit.platform.engine.support.hierarchical.NodeTestTask.lambda$executeRecursively$9(NodeTestTask.java:139)
	at org.junit.platform.engine.support.hierarchical.ThrowableCollector.execute(ThrowableCollector.java:73)
	at org.junit.platform.engine.support.hierarchical.NodeTestTask.executeRecursively(NodeTestTask.java:138)
	at org.junit.platform.engine.support.hierarchical.NodeTestTask.execute(NodeTestTask.java:95)
	at org.junit.platform.engine.support.hierarchical.SameThreadHierarchicalTestExecutorService.submit(SameThreadHierarchicalTestExecutorService.java:35)
	at org.junit.platform.engine.support.hierarchical.HierarchicalTestExecutor.execute(HierarchicalTestExecutor.java:57)
	at org.junit.platform.engine.support.hierarchical.HierarchicalTestEngine.execute(HierarchicalTestEngine.java:54)
	at org.junit.platform.launcher.core.EngineExecutionOrchestrator.execute(EngineExecutionOrchestrator.java:108)
	at org.junit.platform.launcher.core.EngineExecutionOrchestrator.execute(EngineExecutionOrchestrator.java:88)
	at org.junit.platform.launcher.core.EngineExecutionOrchestrator.lambda$execute$0(EngineExecutionOrchestrator.java:54)
	at org.junit.platform.launcher.core.EngineExecutionOrchestrator.withInterceptedStreams(EngineExecutionOrchestrator.java:67)
	at org.junit.platform.launcher.core.EngineExecutionOrchestrator.execute(EngineExecutionOrchestrator.java:52)
	at org.junit.platform.launcher.core.DefaultLauncher.execute(DefaultLauncher.java:96)
	at org.junit.platform.launcher.core.DefaultLauncher.execute(DefaultLauncher.java:75)
	at org.gradle.api.internal.tasks.testing.junitplatform.JUnitPlatformTestClassProcessor$CollectAllTestClassesExecutor.processAllTestClasses(JUnitPlatformTestClassProcessor.java:99)
	at org.gradle.api.internal.tasks.testing.junitplatform.JUnitPlatformTestClassProcessor$CollectAllTestClassesExecutor.access$000(JUnitPlatformTestClassProcessor.java:79)
	at org.gradle.api.internal.tasks.testing.junitplatform.JUnitPlatformTestClassProcessor.stop(JUnitPlatformTestClassProcessor.java:75)
	at org.gradle.api.internal.tasks.testing.SuiteTestClassProcessor.stop(SuiteTestClassProcessor.java:61)
	at java.base/jdk.internal.reflect.NativeMethodAccessorImpl.invoke0(Native Method)
	at java.base/jdk.internal.reflect.NativeMethodAccessorImpl.invoke(NativeMethodAccessorImpl.java:62)
	at java.base/jdk.internal.reflect.DelegatingMethodAccessorImpl.invoke(DelegatingMethodAccessorImpl.java:43)
	at java.base/java.lang.reflect.Method.invoke(Method.java:566)
	at org.gradle.internal.dispatch.ReflectionDispatch.dispatch(ReflectionDispatch.java:36)
	at org.gradle.internal.dispatch.ReflectionDispatch.dispatch(ReflectionDispatch.java:24)
	at org.gradle.internal.dispatch.ContextClassLoaderDispatch.dispatch(ContextClassLoaderDispatch.java:33)
	at org.gradle.internal.dispatch.ProxyDispatchAdapter$DispatchingInvocationHandler.invoke(ProxyDispatchAdapter.java:94)
	at com.sun.proxy.$Proxy2.stop(Unknown Source)
	at org.gradle.api.internal.tasks.testing.worker.TestWorker$3.run(TestWorker.java:193)
	at org.gradle.api.internal.tasks.testing.worker.TestWorker.executeAndMaintainThreadName(TestWorker.java:129)
	at org.gradle.api.internal.tasks.testing.worker.TestWorker.execute(TestWorker.java:100)
	at org.gradle.api.internal.tasks.testing.worker.TestWorker.execute(TestWorker.java:60)
	at org.gradle.process.internal.worker.child.ActionExecutionWorker.execute(ActionExecutionWorker.java:56)
	at org.gradle.process.internal.worker.child.SystemApplicationClassLoaderWorker.call(SystemApplicationClassLoaderWorker.java:133)
	at org.gradle.process.internal.worker.child.SystemApplicationClassLoaderWorker.call(SystemApplicationClassLoaderWorker.java:71)
	at worker.org.gradle.process.internal.worker.GradleWorkerMain.run(GradleWorkerMain.java:69)
	at worker.org.gradle.process.internal.worker.GradleWorkerMain.main(GradleWorkerMain.java:74)
	Suppressed: java.lang.AssertionError: Status expected:&lt;400&gt; but was:&lt;404&gt;
		at org.springframework.test.util.AssertionErrors.fail(AssertionErrors.java:59)
		at org.springframework.test.util.AssertionErrors.assertEquals(AssertionErrors.java:122)
		at org.springframework.test.web.servlet.result.StatusResultMatchers.lambda$matcher$9(StatusResultMatchers.java:627)
		at org.springframework.test.web.servlet.MockMvc$1.andExpect(MockMvc.java:212)
		at org.springframework.test.web.servlet.ResultActions.lambda$andExpectAll$0(ResultActions.java:86)
		at org.springframework.test.util.ExceptionCollector.execute(ExceptionCollector.java:49)
		at org.springframework.test.web.servlet.ResultActions.andExpectAll(ResultActions.java:86)
		... 84 more
	Suppressed: java.lang.AssertionError: Response header 'Content-Type' expected:&lt;application/json&gt; but was:&lt;null&gt;
		at org.springframework.test.util.AssertionErrors.fail(AssertionErrors.java:59)
		at org.springframework.test.util.AssertionErrors.assertEquals(AssertionErrors.java:122)
		at org.springframework.test.web.servlet.result.HeaderResultMatchers.lambda$string$2(HeaderResultMatchers.java:79)
		at org.springframework.test.web.servlet.MockMvc$1.andExpect(MockMvc.java:212)
		at org.springframework.test.web.servlet.ResultActions.lambda$andExpectAll$0(ResultActions.java:86)
		at org.springframework.test.util.ExceptionCollector.execute(ExceptionCollector.java:49)
		at org.springframework.test.web.servlet.ResultActions.andExpectAll(ResultActions.java:86)
		... 84 more
	Suppressed: java.lang.AssertionError: Response header 'api-version' expected:&lt;1.0&gt; but was:&lt;null&gt;
		at org.springframework.test.util.AssertionErrors.fail(AssertionErrors.java:59)
		at org.springframework.test.util.AssertionErrors.assertEquals(AssertionErrors.java:122)
		at org.springframework.test.web.servlet.result.HeaderResultMatchers.lambda$string$2(HeaderResultMatchers.java:79)
		at org.springframework.test.web.servlet.MockMvc$1.andExpect(MockMvc.java:212)
		at org.springframework.test.web.servlet.ResultActions.lambda$andExpectAll$0(ResultActions.java:86)
		at org.springframework.test.util.ExceptionCollector.execute(ExceptionCollector.java:49)
		at org.springframework.test.web.servlet.ResultActions.andExpectAll(ResultActions.java:86)
		... 84 more
	Suppressed: java.lang.AssertionError: Content type not set
		at org.springframework.test.util.AssertionErrors.fail(AssertionErrors.java:37)
		at org.springframework.test.util.AssertionErrors.assertTrue(AssertionErrors.java:70)
		at org.springframework.test.util.AssertionErrors.assertNotNull(AssertionErrors.java:106)
		at org.springframework.test.web.servlet.result.ContentResultMatchers.lambda$contentType$0(ContentResultMatchers.java:85)
		at org.springframework.test.web.servlet.MockMvc$1.andExpect(MockMvc.java:212)
		at org.springframework.test.web.servlet.ResultActions.lambda$andExpectAll$0(ResultActions.java:86)
		at org.springframework.test.util.ExceptionCollector.execute(ExceptionCollector.java:49)
		at org.springframework.test.web.servlet.ResultActions.andExpectAll(ResultActions.java:86)
		... 84 more
	Suppressed: java.lang.AssertionError: No value at JSON path &quot;$.messages&quot;
		at org.springframework.test.util.JsonPathExpectationsHelper.evaluateJsonPath(JsonPathExpectationsHelper.java:304)
		at org.springframework.test.util.JsonPathExpectationsHelper.assertValue(JsonPathExpectationsHelper.java:99)
		at org.springframework.test.web.servlet.result.JsonPathResultMatchers.lambda$value$2(JsonPathResultMatchers.java:111)
		at org.springframework.test.web.servlet.MockMvc$1.andExpect(MockMvc.java:212)
		at org.springframework.test.web.servlet.ResultActions.lambda$andExpectAll$0(ResultActions.java:86)
		at org.springframework.test.util.ExceptionCollector.execute(ExceptionCollector.java:49)
		at org.springframework.test.web.servlet.ResultActions.andExpectAll(ResultActions.java:86)
		... 84 more
	Caused by: java.lang.IllegalArgumentException: json can not be null or empty
		at com.jayway.jsonpath.internal.Utils.notEmpty(Utils.java:401)
		at com.jayway.jsonpath.JsonPath.read(JsonPath.java:390)
		at com.jayway.jsonpath.JsonPath.read(JsonPath.java:377)
		at org.springframework.test.util.JsonPathExpectationsHelper.evaluateJsonPath(JsonPathExpectationsHelper.java:301)
		... 90 more
	Suppressed: java.lang.AssertionError: No value at JSON path &quot;$.document_url&quot;
		at org.springframework.test.util.JsonPathExpectationsHelper.evaluateJsonPath(JsonPathExpectationsHelper.java:304)
		at org.springframework.test.util.JsonPathExpectationsHelper.assertValue(JsonPathExpectationsHelper.java:99)
		at org.springframework.test.web.servlet.result.JsonPathResultMatchers.lambda$value$2(JsonPathResultMatchers.java:111)
		at org.springframework.test.web.servlet.MockMvc$1.andExpect(MockMvc.java:212)
		at org.springframework.test.web.servlet.ResultActions.lambda$andExpectAll$0(ResultActions.java:86)
		at org.springframework.test.util.ExceptionCollector.execute(ExceptionCollector.java:49)
		at org.springframework.test.web.servlet.ResultActions.andExpectAll(ResultActions.java:86)
		... 84 more
	Caused by: java.lang.IllegalArgumentException: json can not be null or empty
		at com.jayway.jsonpath.internal.Utils.notEmpty(Utils.java:401)
		at com.jayway.jsonpath.JsonPath.read(JsonPath.java:390)
		at com.jayway.jsonpath.JsonPath.read(JsonPath.java:377)
		at org.springframework.test.util.JsonPathExpectationsHelper.evaluateJsonPath(JsonPathExpectationsHelper.java:301)
		... 90 more
</failure>
  </testcase>
  <testcase name="특정 유저 조회 성공 테스트 - 토큰 없을 때" classname="org.waldreg.acceptance.user.UserAcceptanceTest" time="0.029">
    <failure message="java.lang.AssertionError: Multiple Exceptions (9):&#10;Status expected:&lt;200&gt; but was:&lt;404&gt;&#10;Response header 'Content-Type' expected:&lt;application/json&gt; but was:&lt;null&gt;&#10;Response header 'api-version' expected:&lt;1.0&gt; but was:&lt;null&gt;&#10;Content type not set&#10;No value at JSON path &quot;$.id&quot;&#10;No value at JSON path &quot;$.name&quot;&#10;No value at JSON path &quot;$.user_id&quot;&#10;No value at JSON path &quot;$.character&quot;&#10;No value at JSON path &quot;$.created_at&quot;" type="java.lang.AssertionError">java.lang.AssertionError: Multiple Exceptions (9):
Status expected:&lt;200&gt; but was:&lt;404&gt;
Response header 'Content-Type' expected:&lt;application/json&gt; but was:&lt;null&gt;
Response header 'api-version' expected:&lt;1.0&gt; but was:&lt;null&gt;
Content type not set
No value at JSON path &quot;$.id&quot;
No value at JSON path &quot;$.name&quot;
No value at JSON path &quot;$.user_id&quot;
No value at JSON path &quot;$.character&quot;
No value at JSON path &quot;$.created_at&quot;
	at org.springframework.test.util.ExceptionCollector.assertEmpty(ExceptionCollector.java:107)
	at org.springframework.test.web.servlet.ResultActions.andExpectAll(ResultActions.java:88)
	at org.waldreg.acceptance.user.UserAcceptanceTest.INQUERY_USER_WITHOUT_TOKEN_SUCCESS_TEST(UserAcceptanceTest.java:272)
	at java.base/jdk.internal.reflect.NativeMethodAccessorImpl.invoke0(Native Method)
	at java.base/jdk.internal.reflect.NativeMethodAccessorImpl.invoke(NativeMethodAccessorImpl.java:62)
	at java.base/jdk.internal.reflect.DelegatingMethodAccessorImpl.invoke(DelegatingMethodAccessorImpl.java:43)
	at java.base/java.lang.reflect.Method.invoke(Method.java:566)
	at org.junit.platform.commons.util.ReflectionUtils.invokeMethod(ReflectionUtils.java:725)
	at org.junit.jupiter.engine.execution.MethodInvocation.proceed(MethodInvocation.java:60)
	at org.junit.jupiter.engine.execution.InvocationInterceptorChain$ValidatingInvocation.proceed(InvocationInterceptorChain.java:131)
	at org.junit.jupiter.engine.extension.TimeoutExtension.intercept(TimeoutExtension.java:149)
	at org.junit.jupiter.engine.extension.TimeoutExtension.interceptTestableMethod(TimeoutExtension.java:140)
	at org.junit.jupiter.engine.extension.TimeoutExtension.interceptTestMethod(TimeoutExtension.java:84)
	at org.junit.jupiter.engine.execution.ExecutableInvoker$ReflectiveInterceptorCall.lambda$ofVoidMethod$0(ExecutableInvoker.java:115)
	at org.junit.jupiter.engine.execution.ExecutableInvoker.lambda$invoke$0(ExecutableInvoker.java:105)
	at org.junit.jupiter.engine.execution.InvocationInterceptorChain$InterceptedInvocation.proceed(InvocationInterceptorChain.java:106)
	at org.junit.jupiter.engine.execution.InvocationInterceptorChain.proceed(InvocationInterceptorChain.java:64)
	at org.junit.jupiter.engine.execution.InvocationInterceptorChain.chainAndInvoke(InvocationInterceptorChain.java:45)
	at org.junit.jupiter.engine.execution.InvocationInterceptorChain.invoke(InvocationInterceptorChain.java:37)
	at org.junit.jupiter.engine.execution.ExecutableInvoker.invoke(ExecutableInvoker.java:104)
	at org.junit.jupiter.engine.execution.ExecutableInvoker.invoke(ExecutableInvoker.java:98)
	at org.junit.jupiter.engine.descriptor.TestMethodTestDescriptor.lambda$invokeTestMethod$7(TestMethodTestDescriptor.java:214)
	at org.junit.platform.engine.support.hierarchical.ThrowableCollector.execute(ThrowableCollector.java:73)
	at org.junit.jupiter.engine.descriptor.TestMethodTestDescriptor.invokeTestMethod(TestMethodTestDescriptor.java:210)
	at org.junit.jupiter.engine.descriptor.TestMethodTestDescriptor.execute(TestMethodTestDescriptor.java:135)
	at org.junit.jupiter.engine.descriptor.TestMethodTestDescriptor.execute(TestMethodTestDescriptor.java:66)
	at org.junit.platform.engine.support.hierarchical.NodeTestTask.lambda$executeRecursively$6(NodeTestTask.java:151)
	at org.junit.platform.engine.support.hierarchical.ThrowableCollector.execute(ThrowableCollector.java:73)
	at org.junit.platform.engine.support.hierarchical.NodeTestTask.lambda$executeRecursively$8(NodeTestTask.java:141)
	at org.junit.platform.engine.support.hierarchical.Node.around(Node.java:137)
	at org.junit.platform.engine.support.hierarchical.NodeTestTask.lambda$executeRecursively$9(NodeTestTask.java:139)
	at org.junit.platform.engine.support.hierarchical.ThrowableCollector.execute(ThrowableCollector.java:73)
	at org.junit.platform.engine.support.hierarchical.NodeTestTask.executeRecursively(NodeTestTask.java:138)
	at org.junit.platform.engine.support.hierarchical.NodeTestTask.execute(NodeTestTask.java:95)
	at java.base/java.util.ArrayList.forEach(ArrayList.java:1541)
	at org.junit.platform.engine.support.hierarchical.SameThreadHierarchicalTestExecutorService.invokeAll(SameThreadHierarchicalTestExecutorService.java:41)
	at org.junit.platform.engine.support.hierarchical.NodeTestTask.lambda$executeRecursively$6(NodeTestTask.java:155)
	at org.junit.platform.engine.support.hierarchical.ThrowableCollector.execute(ThrowableCollector.java:73)
	at org.junit.platform.engine.support.hierarchical.NodeTestTask.lambda$executeRecursively$8(NodeTestTask.java:141)
	at org.junit.platform.engine.support.hierarchical.Node.around(Node.java:137)
	at org.junit.platform.engine.support.hierarchical.NodeTestTask.lambda$executeRecursively$9(NodeTestTask.java:139)
	at org.junit.platform.engine.support.hierarchical.ThrowableCollector.execute(ThrowableCollector.java:73)
	at org.junit.platform.engine.support.hierarchical.NodeTestTask.executeRecursively(NodeTestTask.java:138)
	at org.junit.platform.engine.support.hierarchical.NodeTestTask.execute(NodeTestTask.java:95)
	at java.base/java.util.ArrayList.forEach(ArrayList.java:1541)
	at org.junit.platform.engine.support.hierarchical.SameThreadHierarchicalTestExecutorService.invokeAll(SameThreadHierarchicalTestExecutorService.java:41)
	at org.junit.platform.engine.support.hierarchical.NodeTestTask.lambda$executeRecursively$6(NodeTestTask.java:155)
	at org.junit.platform.engine.support.hierarchical.ThrowableCollector.execute(ThrowableCollector.java:73)
	at org.junit.platform.engine.support.hierarchical.NodeTestTask.lambda$executeRecursively$8(NodeTestTask.java:141)
	at org.junit.platform.engine.support.hierarchical.Node.around(Node.java:137)
	at org.junit.platform.engine.support.hierarchical.NodeTestTask.lambda$executeRecursively$9(NodeTestTask.java:139)
	at org.junit.platform.engine.support.hierarchical.ThrowableCollector.execute(ThrowableCollector.java:73)
	at org.junit.platform.engine.support.hierarchical.NodeTestTask.executeRecursively(NodeTestTask.java:138)
	at org.junit.platform.engine.support.hierarchical.NodeTestTask.execute(NodeTestTask.java:95)
	at org.junit.platform.engine.support.hierarchical.SameThreadHierarchicalTestExecutorService.submit(SameThreadHierarchicalTestExecutorService.java:35)
	at org.junit.platform.engine.support.hierarchical.HierarchicalTestExecutor.execute(HierarchicalTestExecutor.java:57)
	at org.junit.platform.engine.support.hierarchical.HierarchicalTestEngine.execute(HierarchicalTestEngine.java:54)
	at org.junit.platform.launcher.core.EngineExecutionOrchestrator.execute(EngineExecutionOrchestrator.java:108)
	at org.junit.platform.launcher.core.EngineExecutionOrchestrator.execute(EngineExecutionOrchestrator.java:88)
	at org.junit.platform.launcher.core.EngineExecutionOrchestrator.lambda$execute$0(EngineExecutionOrchestrator.java:54)
	at org.junit.platform.launcher.core.EngineExecutionOrchestrator.withInterceptedStreams(EngineExecutionOrchestrator.java:67)
	at org.junit.platform.launcher.core.EngineExecutionOrchestrator.execute(EngineExecutionOrchestrator.java:52)
	at org.junit.platform.launcher.core.DefaultLauncher.execute(DefaultLauncher.java:96)
	at org.junit.platform.launcher.core.DefaultLauncher.execute(DefaultLauncher.java:75)
	at org.gradle.api.internal.tasks.testing.junitplatform.JUnitPlatformTestClassProcessor$CollectAllTestClassesExecutor.processAllTestClasses(JUnitPlatformTestClassProcessor.java:99)
	at org.gradle.api.internal.tasks.testing.junitplatform.JUnitPlatformTestClassProcessor$CollectAllTestClassesExecutor.access$000(JUnitPlatformTestClassProcessor.java:79)
	at org.gradle.api.internal.tasks.testing.junitplatform.JUnitPlatformTestClassProcessor.stop(JUnitPlatformTestClassProcessor.java:75)
	at org.gradle.api.internal.tasks.testing.SuiteTestClassProcessor.stop(SuiteTestClassProcessor.java:61)
	at java.base/jdk.internal.reflect.NativeMethodAccessorImpl.invoke0(Native Method)
	at java.base/jdk.internal.reflect.NativeMethodAccessorImpl.invoke(NativeMethodAccessorImpl.java:62)
	at java.base/jdk.internal.reflect.DelegatingMethodAccessorImpl.invoke(DelegatingMethodAccessorImpl.java:43)
	at java.base/java.lang.reflect.Method.invoke(Method.java:566)
	at org.gradle.internal.dispatch.ReflectionDispatch.dispatch(ReflectionDispatch.java:36)
	at org.gradle.internal.dispatch.ReflectionDispatch.dispatch(ReflectionDispatch.java:24)
	at org.gradle.internal.dispatch.ContextClassLoaderDispatch.dispatch(ContextClassLoaderDispatch.java:33)
	at org.gradle.internal.dispatch.ProxyDispatchAdapter$DispatchingInvocationHandler.invoke(ProxyDispatchAdapter.java:94)
	at com.sun.proxy.$Proxy2.stop(Unknown Source)
	at org.gradle.api.internal.tasks.testing.worker.TestWorker$3.run(TestWorker.java:193)
	at org.gradle.api.internal.tasks.testing.worker.TestWorker.executeAndMaintainThreadName(TestWorker.java:129)
	at org.gradle.api.internal.tasks.testing.worker.TestWorker.execute(TestWorker.java:100)
	at org.gradle.api.internal.tasks.testing.worker.TestWorker.execute(TestWorker.java:60)
	at org.gradle.process.internal.worker.child.ActionExecutionWorker.execute(ActionExecutionWorker.java:56)
	at org.gradle.process.internal.worker.child.SystemApplicationClassLoaderWorker.call(SystemApplicationClassLoaderWorker.java:133)
	at org.gradle.process.internal.worker.child.SystemApplicationClassLoaderWorker.call(SystemApplicationClassLoaderWorker.java:71)
	at worker.org.gradle.process.internal.worker.GradleWorkerMain.run(GradleWorkerMain.java:69)
	at worker.org.gradle.process.internal.worker.GradleWorkerMain.main(GradleWorkerMain.java:74)
	Suppressed: java.lang.AssertionError: Status expected:&lt;200&gt; but was:&lt;404&gt;
		at org.springframework.test.util.AssertionErrors.fail(AssertionErrors.java:59)
		at org.springframework.test.util.AssertionErrors.assertEquals(AssertionErrors.java:122)
		at org.springframework.test.web.servlet.result.StatusResultMatchers.lambda$matcher$9(StatusResultMatchers.java:627)
		at org.springframework.test.web.servlet.MockMvc$1.andExpect(MockMvc.java:212)
		at org.springframework.test.web.servlet.ResultActions.lambda$andExpectAll$0(ResultActions.java:86)
		at org.springframework.test.util.ExceptionCollector.execute(ExceptionCollector.java:49)
		at org.springframework.test.web.servlet.ResultActions.andExpectAll(ResultActions.java:86)
		... 84 more
	Suppressed: java.lang.AssertionError: Response header 'Content-Type' expected:&lt;application/json&gt; but was:&lt;null&gt;
		at org.springframework.test.util.AssertionErrors.fail(AssertionErrors.java:59)
		at org.springframework.test.util.AssertionErrors.assertEquals(AssertionErrors.java:122)
		at org.springframework.test.web.servlet.result.HeaderResultMatchers.lambda$string$2(HeaderResultMatchers.java:79)
		at org.springframework.test.web.servlet.MockMvc$1.andExpect(MockMvc.java:212)
		at org.springframework.test.web.servlet.ResultActions.lambda$andExpectAll$0(ResultActions.java:86)
		at org.springframework.test.util.ExceptionCollector.execute(ExceptionCollector.java:49)
		at org.springframework.test.web.servlet.ResultActions.andExpectAll(ResultActions.java:86)
		... 84 more
	Suppressed: java.lang.AssertionError: Response header 'api-version' expected:&lt;1.0&gt; but was:&lt;null&gt;
		at org.springframework.test.util.AssertionErrors.fail(AssertionErrors.java:59)
		at org.springframework.test.util.AssertionErrors.assertEquals(AssertionErrors.java:122)
		at org.springframework.test.web.servlet.result.HeaderResultMatchers.lambda$string$2(HeaderResultMatchers.java:79)
		at org.springframework.test.web.servlet.MockMvc$1.andExpect(MockMvc.java:212)
		at org.springframework.test.web.servlet.ResultActions.lambda$andExpectAll$0(ResultActions.java:86)
		at org.springframework.test.util.ExceptionCollector.execute(ExceptionCollector.java:49)
		at org.springframework.test.web.servlet.ResultActions.andExpectAll(ResultActions.java:86)
		... 84 more
	Suppressed: java.lang.AssertionError: Content type not set
		at org.springframework.test.util.AssertionErrors.fail(AssertionErrors.java:37)
		at org.springframework.test.util.AssertionErrors.assertTrue(AssertionErrors.java:70)
		at org.springframework.test.util.AssertionErrors.assertNotNull(AssertionErrors.java:106)
		at org.springframework.test.web.servlet.result.ContentResultMatchers.lambda$contentType$0(ContentResultMatchers.java:85)
		at org.springframework.test.web.servlet.MockMvc$1.andExpect(MockMvc.java:212)
		at org.springframework.test.web.servlet.ResultActions.lambda$andExpectAll$0(ResultActions.java:86)
		at org.springframework.test.util.ExceptionCollector.execute(ExceptionCollector.java:49)
		at org.springframework.test.web.servlet.ResultActions.andExpectAll(ResultActions.java:86)
		... 84 more
	Suppressed: java.lang.AssertionError: No value at JSON path &quot;$.id&quot;
		at org.springframework.test.util.JsonPathExpectationsHelper.evaluateJsonPath(JsonPathExpectationsHelper.java:304)
		at org.springframework.test.util.JsonPathExpectationsHelper.assertExistsAndReturn(JsonPathExpectationsHelper.java:328)
		at org.springframework.test.util.JsonPathExpectationsHelper.assertValueIsNumber(JsonPathExpectationsHelper.java:157)
		at org.springframework.test.web.servlet.result.JsonPathResultMatchers.lambda$isNumber$11(JsonPathResultMatchers.java:218)
		at org.springframework.test.web.servlet.MockMvc$1.andExpect(MockMvc.java:212)
		at org.springframework.test.web.servlet.ResultActions.lambda$andExpectAll$0(ResultActions.java:86)
		at org.springframework.test.util.ExceptionCollector.execute(ExceptionCollector.java:49)
		at org.springframework.test.web.servlet.ResultActions.andExpectAll(ResultActions.java:86)
		... 84 more
	Caused by: java.lang.IllegalArgumentException: json can not be null or empty
		at com.jayway.jsonpath.internal.Utils.notEmpty(Utils.java:401)
		at com.jayway.jsonpath.JsonPath.read(JsonPath.java:390)
		at com.jayway.jsonpath.JsonPath.read(JsonPath.java:377)
		at org.springframework.test.util.JsonPathExpectationsHelper.evaluateJsonPath(JsonPathExpectationsHelper.java:301)
		... 91 more
	Suppressed: java.lang.AssertionError: No value at JSON path &quot;$.name&quot;
		at org.springframework.test.util.JsonPathExpectationsHelper.evaluateJsonPath(JsonPathExpectationsHelper.java:304)
		at org.springframework.test.util.JsonPathExpectationsHelper.assertValue(JsonPathExpectationsHelper.java:99)
		at org.springframework.test.web.servlet.result.JsonPathResultMatchers.lambda$value$2(JsonPathResultMatchers.java:111)
		at org.springframework.test.web.servlet.MockMvc$1.andExpect(MockMvc.java:212)
		at org.springframework.test.web.servlet.ResultActions.lambda$andExpectAll$0(ResultActions.java:86)
		at org.springframework.test.util.ExceptionCollector.execute(ExceptionCollector.java:49)
		at org.springframework.test.web.servlet.ResultActions.andExpectAll(ResultActions.java:86)
		... 84 more
	Caused by: java.lang.IllegalArgumentException: json can not be null or empty
		at com.jayway.jsonpath.internal.Utils.notEmpty(Utils.java:401)
		at com.jayway.jsonpath.JsonPath.read(JsonPath.java:390)
		at com.jayway.jsonpath.JsonPath.read(JsonPath.java:377)
		at org.springframework.test.util.JsonPathExpectationsHelper.evaluateJsonPath(JsonPathExpectationsHelper.java:301)
		... 90 more
	Suppressed: java.lang.AssertionError: No value at JSON path &quot;$.user_id&quot;
		at org.springframework.test.util.JsonPathExpectationsHelper.evaluateJsonPath(JsonPathExpectationsHelper.java:304)
		at org.springframework.test.util.JsonPathExpectationsHelper.assertValue(JsonPathExpectationsHelper.java:99)
		at org.springframework.test.web.servlet.result.JsonPathResultMatchers.lambda$value$2(JsonPathResultMatchers.java:111)
		at org.springframework.test.web.servlet.MockMvc$1.andExpect(MockMvc.java:212)
		at org.springframework.test.web.servlet.ResultActions.lambda$andExpectAll$0(ResultActions.java:86)
		at org.springframework.test.util.ExceptionCollector.execute(ExceptionCollector.java:49)
		at org.springframework.test.web.servlet.ResultActions.andExpectAll(ResultActions.java:86)
		... 84 more
	Caused by: java.lang.IllegalArgumentException: json can not be null or empty
		at com.jayway.jsonpath.internal.Utils.notEmpty(Utils.java:401)
		at com.jayway.jsonpath.JsonPath.read(JsonPath.java:390)
		at com.jayway.jsonpath.JsonPath.read(JsonPath.java:377)
		at org.springframework.test.util.JsonPathExpectationsHelper.evaluateJsonPath(JsonPathExpectationsHelper.java:301)
		... 90 more
	Suppressed: java.lang.AssertionError: No value at JSON path &quot;$.character&quot;
		at org.springframework.test.util.JsonPathExpectationsHelper.evaluateJsonPath(JsonPathExpectationsHelper.java:304)
		at org.springframework.test.util.JsonPathExpectationsHelper.assertExistsAndReturn(JsonPathExpectationsHelper.java:328)
		at org.springframework.test.util.JsonPathExpectationsHelper.assertValueIsString(JsonPathExpectationsHelper.java:135)
		at org.springframework.test.web.servlet.result.JsonPathResultMatchers.lambda$isString$9(JsonPathResultMatchers.java:200)
		at org.springframework.test.web.servlet.MockMvc$1.andExpect(MockMvc.java:212)
		at org.springframework.test.web.servlet.ResultActions.lambda$andExpectAll$0(ResultActions.java:86)
		at org.springframework.test.util.ExceptionCollector.execute(ExceptionCollector.java:49)
		at org.springframework.test.web.servlet.ResultActions.andExpectAll(ResultActions.java:86)
		... 84 more
	Caused by: java.lang.IllegalArgumentException: json can not be null or empty
		at com.jayway.jsonpath.internal.Utils.notEmpty(Utils.java:401)
		at com.jayway.jsonpath.JsonPath.read(JsonPath.java:390)
		at com.jayway.jsonpath.JsonPath.read(JsonPath.java:377)
		at org.springframework.test.util.JsonPathExpectationsHelper.evaluateJsonPath(JsonPathExpectationsHelper.java:301)
		... 91 more
	Suppressed: java.lang.AssertionError: No value at JSON path &quot;$.created_at&quot;
		at org.springframework.test.util.JsonPathExpectationsHelper.evaluateJsonPath(JsonPathExpectationsHelper.java:304)
		at org.springframework.test.util.JsonPathExpectationsHelper.assertValueIsNotEmpty(JsonPathExpectationsHelper.java:240)
		at org.springframework.test.web.servlet.result.JsonPathResultMatchers.lambda$isNotEmpty$6(JsonPathResultMatchers.java:162)
		at org.springframework.test.web.servlet.MockMvc$1.andExpect(MockMvc.java:212)
		at org.springframework.test.web.servlet.ResultActions.lambda$andExpectAll$0(ResultActions.java:86)
		at org.springframework.test.util.ExceptionCollector.execute(ExceptionCollector.java:49)
		at org.springframework.test.web.servlet.ResultActions.andExpectAll(ResultActions.java:86)
		... 84 more
	Caused by: java.lang.IllegalArgumentException: json can not be null or empty
		at com.jayway.jsonpath.internal.Utils.notEmpty(Utils.java:401)
		at com.jayway.jsonpath.JsonPath.read(JsonPath.java:390)
		at com.jayway.jsonpath.JsonPath.read(JsonPath.java:377)
		at org.springframework.test.util.JsonPathExpectationsHelper.evaluateJsonPath(JsonPathExpectationsHelper.java:301)
		... 90 more
</failure>
  </testcase>
  <system-out><![CDATA[19:53:26.944 [Test worker] DEBUG org.springframework.test.context.BootstrapUtils - Instantiating CacheAwareContextLoaderDelegate from class [org.springframework.test.context.cache.DefaultCacheAwareContextLoaderDelegate]
19:53:26.952 [Test worker] DEBUG org.springframework.test.context.BootstrapUtils - Instantiating BootstrapContext using constructor [public org.springframework.test.context.support.DefaultBootstrapContext(java.lang.Class,org.springframework.test.context.CacheAwareContextLoaderDelegate)]
19:53:26.980 [Test worker] DEBUG org.springframework.test.context.BootstrapUtils - Instantiating TestContextBootstrapper for test class [org.waldreg.acceptance.user.UserAcceptanceTest] from class [org.springframework.boot.test.context.SpringBootTestContextBootstrapper]
19:53:26.990 [Test worker] INFO org.springframework.boot.test.context.SpringBootTestContextBootstrapper - Neither @ContextConfiguration nor @ContextHierarchy found for test class [org.waldreg.acceptance.user.UserAcceptanceTest], using SpringBootContextLoader
19:53:26.994 [Test worker] DEBUG org.springframework.test.context.support.AbstractContextLoader - Did not detect default resource location for test class [org.waldreg.acceptance.user.UserAcceptanceTest]: class path resource [org/waldreg/acceptance/user/UserAcceptanceTest-context.xml] does not exist
19:53:26.994 [Test worker] DEBUG org.springframework.test.context.support.AbstractContextLoader - Did not detect default resource location for test class [org.waldreg.acceptance.user.UserAcceptanceTest]: class path resource [org/waldreg/acceptance/user/UserAcceptanceTestContext.groovy] does not exist
19:53:26.995 [Test worker] INFO org.springframework.test.context.support.AbstractContextLoader - Could not detect default resource locations for test class [org.waldreg.acceptance.user.UserAcceptanceTest]: no resource found for suffixes {-context.xml, Context.groovy}.
19:53:26.996 [Test worker] DEBUG org.springframework.test.context.support.AnnotationConfigContextLoaderUtils - Ignoring class [org.waldreg.acceptance.user.UserAcceptanceTest$UserCreateRequest]; it must be static, non-private, non-final, and annotated with @Configuration to be considered a default configuration class.
19:53:26.997 [Test worker] INFO org.springframework.test.context.support.AnnotationConfigContextLoaderUtils - Could not detect default configuration classes for test class [org.waldreg.acceptance.user.UserAcceptanceTest]: UserAcceptanceTest does not declare any static, non-private, non-final, nested classes annotated with @Configuration.
19:53:27.047 [Test worker] DEBUG org.springframework.test.context.support.ActiveProfilesUtils - Could not find an 'annotation declaring class' for annotation type [org.springframework.test.context.ActiveProfiles] and class [org.waldreg.acceptance.user.UserAcceptanceTest]
19:53:27.092 [Test worker] DEBUG org.springframework.context.annotation.ClassPathScanningCandidateComponentProvider - Identified candidate component class: file [C:\Users\2001y\Desktop\linirinilinrin\DEV\project\waldreg-api\waldreg\application-layer\acceptance\build\classes\java\main\org\waldreg\Application.class]
19:53:27.093 [Test worker] INFO org.springframework.boot.test.context.SpringBootTestContextBootstrapper - Found @SpringBootConfiguration org.waldreg.Application for test class org.waldreg.acceptance.user.UserAcceptanceTest
19:53:27.174 [Test worker] DEBUG org.springframework.boot.test.context.SpringBootTestContextBootstrapper - @TestExecutionListeners is not present for class [org.waldreg.acceptance.user.UserAcceptanceTest]: using defaults.
19:53:27.175 [Test worker] INFO org.springframework.boot.test.context.SpringBootTestContextBootstrapper - Loaded default TestExecutionListener class names from location [META-INF/spring.factories]: [org.springframework.boot.test.autoconfigure.restdocs.RestDocsTestExecutionListener, org.springframework.boot.test.autoconfigure.web.client.MockRestServiceServerResetTestExecutionListener, org.springframework.boot.test.autoconfigure.web.servlet.MockMvcPrintOnlyOnFailureTestExecutionListener, org.springframework.boot.test.autoconfigure.web.servlet.WebDriverTestExecutionListener, org.springframework.boot.test.autoconfigure.webservices.client.MockWebServiceServerTestExecutionListener, org.springframework.boot.test.mock.mockito.MockitoTestExecutionListener, org.springframework.boot.test.mock.mockito.ResetMocksTestExecutionListener, org.springframework.test.context.web.ServletTestExecutionListener, org.springframework.test.context.support.DirtiesContextBeforeModesTestExecutionListener, org.springframework.test.context.event.ApplicationEventsTestExecutionListener, org.springframework.test.context.support.DependencyInjectionTestExecutionListener, org.springframework.test.context.support.DirtiesContextTestExecutionListener, org.springframework.test.context.transaction.TransactionalTestExecutionListener, org.springframework.test.context.jdbc.SqlScriptsTestExecutionListener, org.springframework.test.context.event.EventPublishingTestExecutionListener]
19:53:27.185 [Test worker] DEBUG org.springframework.boot.test.context.SpringBootTestContextBootstrapper - Skipping candidate TestExecutionListener [org.springframework.test.context.transaction.TransactionalTestExecutionListener] due to a missing dependency. Specify custom listener classes or make the default listener classes and their required dependencies available. Offending class: [org/springframework/transaction/interceptor/TransactionAttributeSource]
19:53:27.186 [Test worker] DEBUG org.springframework.boot.test.context.SpringBootTestContextBootstrapper - Skipping candidate TestExecutionListener [org.springframework.test.context.jdbc.SqlScriptsTestExecutionListener] due to a missing dependency. Specify custom listener classes or make the default listener classes and their required dependencies available. Offending class: [org/springframework/transaction/interceptor/TransactionAttribute]
19:53:27.186 [Test worker] INFO org.springframework.boot.test.context.SpringBootTestContextBootstrapper - Using TestExecutionListeners: [org.springframework.test.context.web.ServletTestExecutionListener@1804f60d, org.springframework.test.context.support.DirtiesContextBeforeModesTestExecutionListener@3a80515c, org.springframework.test.context.event.ApplicationEventsTestExecutionListener@547e29a4, org.springframework.boot.test.mock.mockito.MockitoTestExecutionListener@1c807b1d, org.springframework.boot.test.autoconfigure.SpringBootDependencyInjectionTestExecutionListener@238b521e, org.springframework.test.context.support.DirtiesContextTestExecutionListener@1b39fd82, org.springframework.test.context.event.EventPublishingTestExecutionListener@3e2fc448, org.springframework.boot.test.autoconfigure.restdocs.RestDocsTestExecutionListener@21680803, org.springframework.boot.test.autoconfigure.web.client.MockRestServiceServerResetTestExecutionListener@588ab592, org.springframework.boot.test.autoconfigure.web.servlet.MockMvcPrintOnlyOnFailureTestExecutionListener@c8b96ec, org.springframework.boot.test.autoconfigure.web.servlet.WebDriverTestExecutionListener@4cc61eb1, org.springframework.boot.test.autoconfigure.webservices.client.MockWebServiceServerTestExecutionListener@2d8f2f3a, org.springframework.boot.test.mock.mockito.ResetMocksTestExecutionListener@2024293c]
19:53:27.189 [Test worker] DEBUG org.springframework.test.context.support.AbstractDirtiesContextTestExecutionListener - Before test class: context [DefaultTestContext@255990cc testClass = UserAcceptanceTest, testInstance = [null], testMethod = [null], testException = [null], mergedContextConfiguration = [WebMergedContextConfiguration@51c929ae testClass = UserAcceptanceTest, locations = '{}', classes = '{class org.waldreg.Application}', contextInitializerClasses = '[]', activeProfiles = '{}', propertySourceLocations = '{}', propertySourceProperties = '{org.springframework.boot.test.context.SpringBootTestContextBootstrapper=true}', contextCustomizers = set[org.springframework.boot.test.autoconfigure.actuate.metrics.MetricsExportContextCustomizerFactory$DisableMetricExportContextCustomizer@5dd91bca, org.springframework.boot.test.autoconfigure.properties.PropertyMappingContextCustomizer@4b3fa0b3, org.springframework.boot.test.autoconfigure.web.servlet.WebDriverContextCustomizerFactory$Customizer@57eda880, [ImportsContextCustomizer@3c8bdd5b key = [org.springframework.boot.test.autoconfigure.web.servlet.MockMvcAutoConfiguration, org.springframework.boot.test.autoconfigure.web.servlet.MockMvcWebClientAutoConfiguration, org.springframework.boot.test.autoconfigure.web.servlet.MockMvcWebDriverAutoConfiguration, org.springframework.boot.autoconfigure.security.oauth2.client.servlet.OAuth2ClientAutoConfiguration, org.springframework.boot.autoconfigure.security.oauth2.resource.servlet.OAuth2ResourceServerAutoConfiguration, org.springframework.boot.autoconfigure.security.servlet.SecurityAutoConfiguration, org.springframework.boot.autoconfigure.security.servlet.SecurityFilterAutoConfiguration, org.springframework.boot.autoconfigure.security.servlet.UserDetailsServiceAutoConfiguration, org.springframework.boot.test.autoconfigure.web.servlet.MockMvcSecurityConfiguration, org.springframework.boot.test.autoconfigure.web.reactive.WebTestClientAutoConfiguration]], org.springframework.boot.test.context.filter.ExcludeFilterContextCustomizer@1080b026, org.springframework.boot.test.json.DuplicateJsonObjectContextCustomizerFactory$DuplicateJsonObjectContextCustomizer@dcfda20, org.springframework.boot.test.mock.mockito.MockitoContextCustomizer@0, org.springframework.boot.test.web.client.TestRestTemplateContextCustomizer@5bfa8cc5, org.springframework.boot.test.context.SpringBootTestArgs@1, org.springframework.boot.test.context.SpringBootTestWebEnvironment@222a59e6], resourceBasePath = 'src/main/webapp', contextLoader = 'org.springframework.boot.test.context.SpringBootContextLoader', parent = [null]], attributes = map['org.springframework.test.context.web.ServletTestExecutionListener.activateListener' -> true]], class annotated with @DirtiesContext [false] with mode [null].

  .   ____          _            __ _ _
 /\\ / ___'_ __ _ _(_)_ __  __ _ \ \ \ \
( ( )\___ | '_ | '_| | '_ \/ _` | \ \ \ \
 \\/  ___)| |_)| | | | | || (_| |  ) ) ) )
  '  |____| .__|_| |_|_| |_\__, | / / / /
 =========|_|==============|___/=/_/_/_/
 :: Spring Boot ::                (v2.7.1)

2023-01-12 19:53:27.498  INFO 31864 --- [    Test worker] o.w.acceptance.user.UserAcceptanceTest   : Starting UserAcceptanceTest using Java 11.0.17 on linirinilinrin with PID 31864 (started by 2001y in C:\Users\2001y\Desktop\linirinilinrin\DEV\project\waldreg-api\waldreg\application-layer\acceptance)
2023-01-12 19:53:27.499  INFO 31864 --- [    Test worker] o.w.acceptance.user.UserAcceptanceTest   : No active profile set, falling back to 1 default profile: "default"
2023-01-12 19:53:28.724  INFO 31864 --- [    Test worker] o.s.b.t.m.w.SpringBootMockServletContext : Initializing Spring TestDispatcherServlet ''
2023-01-12 19:53:28.724  INFO 31864 --- [    Test worker] o.s.t.web.servlet.TestDispatcherServlet  : Initializing Servlet ''
2023-01-12 19:53:28.725  INFO 31864 --- [    Test worker] o.s.t.web.servlet.TestDispatcherServlet  : Completed initialization in 1 ms
2023-01-12 19:53:28.748  INFO 31864 --- [    Test worker] o.w.acceptance.user.UserAcceptanceTest   : Started UserAcceptanceTest in 1.529 seconds (JVM running for 2.569)

MockHttpServletRequest:
      HTTP Method = POST
      Request URI = /user
       Parameters = {}
          Headers = [Content-Type:"application/json;charset=UTF-8", Accept:"application/json", api-version:"1.0", Content-Length:"96"]
             Body = {"name":"alcuk","user_id":"alcuk_id","user_password":"alcuk_pwd","phone_number":"010-1234-1234"}
    Session Attrs = {}

Handler:
             Type = org.springframework.web.servlet.resource.ResourceHttpRequestHandler

Async:
    Async started = false
     Async result = null

Resolved Exception:
             Type = null

ModelAndView:
        View name = null
             View = null
            Model = null

FlashMap:
       Attributes = null

MockHttpServletResponse:
           Status = 404
    Error message = null
          Headers = [Vary:"Origin", "Access-Control-Request-Method", "Access-Control-Request-Headers"]
     Content type = null
             Body = 
    Forwarded URL = null
   Redirected URL = null
          Cookies = []

MockHttpServletRequest:
      HTTP Method = POST
      Request URI = /user
       Parameters = {}
          Headers = [Content-Type:"application/json;charset=UTF-8", Accept:"application/json", api-version:"1.0", Content-Length:"61"]
             Body = {"name":"","user_id":"","user_password":"","phone_number":""}
    Session Attrs = {}

Handler:
             Type = org.springframework.web.servlet.resource.ResourceHttpRequestHandler

Async:
    Async started = false
     Async result = null

Resolved Exception:
             Type = null

ModelAndView:
        View name = null
             View = null
            Model = null

FlashMap:
       Attributes = null

MockHttpServletResponse:
           Status = 404
    Error message = null
          Headers = [Vary:"Origin", "Access-Control-Request-Method", "Access-Control-Request-Headers"]
     Content type = null
             Body = 
    Forwarded URL = null
   Redirected URL = null
          Cookies = []

MockHttpServletRequest:
      HTTP Method = POST
      Request URI = /user
       Parameters = {}
          Headers = [Content-Type:"application/json;charset=UTF-8", Accept:"application/json", api-version:"1.0", Content-Length:"98"]
             Body = {"name":"alcuk1","user_id":"alcuk_id","user_password":"alcuk_pwd1","phone_number":"010-1234-1111"}
    Session Attrs = {}

Handler:
             Type = org.springframework.web.servlet.resource.ResourceHttpRequestHandler

Async:
    Async started = false
     Async result = null

Resolved Exception:
             Type = null

ModelAndView:
        View name = null
             View = null
            Model = null

FlashMap:
       Attributes = null

MockHttpServletResponse:
           Status = 404
    Error message = null
          Headers = [Vary:"Origin", "Access-Control-Request-Method", "Access-Control-Request-Headers"]
     Content type = null
             Body = 
    Forwarded URL = null
   Redirected URL = null
          Cookies = []

MockHttpServletRequest:
      HTTP Method = GET
      Request URI = /user/alcuk1
       Parameters = {}
          Headers = [Accept:"application/json", api-version:"1.0", Authorization:"mock_token"]
             Body = null
    Session Attrs = {}

Handler:
             Type = org.springframework.web.servlet.resource.ResourceHttpRequestHandler

Async:
    Async started = false
     Async result = null

Resolved Exception:
             Type = null

ModelAndView:
        View name = null
             View = null
            Model = null

FlashMap:
       Attributes = null

MockHttpServletResponse:
           Status = 404
    Error message = null
          Headers = [Vary:"Origin", "Access-Control-Request-Method", "Access-Control-Request-Headers"]
     Content type = null
             Body = 
    Forwarded URL = null
   Redirected URL = null
          Cookies = []

MockHttpServletRequest:
      HTTP Method = POST
      Request URI = /user
       Parameters = {}
          Headers = [Content-Type:"application/json;charset=UTF-8", Accept:"application/json", api-version:"1.0", Content-Length:"98"]
             Body = {"name":"alcuk1","user_id":"alcuk_id","user_password":"alcuk_pwd1","phone_number":"010-1234-1111"}
    Session Attrs = {}

Handler:
             Type = org.springframework.web.servlet.resource.ResourceHttpRequestHandler

Async:
    Async started = false
     Async result = null

Resolved Exception:
             Type = null

ModelAndView:
        View name = null
             View = null
            Model = null

FlashMap:
       Attributes = null

MockHttpServletResponse:
           Status = 404
    Error message = null
          Headers = [Vary:"Origin", "Access-Control-Request-Method", "Access-Control-Request-Headers"]
     Content type = null
             Body = 
    Forwarded URL = null
   Redirected URL = null
          Cookies = []

MockHttpServletRequest:
      HTTP Method = POST
      Request URI = /user
       Parameters = {}
          Headers = [Content-Type:"application/json;charset=UTF-8", Accept:"application/json", api-version:"1.0", Content-Length:"98"]
             Body = {"name":"alcuk2","user_id":"alcuk_id","user_password":"alcuk_pwd2","phone_number":"010-1234-2222"}
    Session Attrs = {}

Handler:
             Type = org.springframework.web.servlet.resource.ResourceHttpRequestHandler

Async:
    Async started = false
     Async result = null

Resolved Exception:
             Type = null

ModelAndView:
        View name = null
             View = null
            Model = null

FlashMap:
       Attributes = null

MockHttpServletResponse:
           Status = 404
    Error message = null
          Headers = [Vary:"Origin", "Access-Control-Request-Method", "Access-Control-Request-Headers"]
     Content type = null
             Body = 
    Forwarded URL = null
   Redirected URL = null
          Cookies = []

MockHttpServletRequest:
      HTTP Method = GET
      Request URI = /user/unknown
       Parameters = {}
          Headers = [Accept:"application/json", api-version:"1.0"]
             Body = null
    Session Attrs = {}

Handler:
             Type = org.springframework.web.servlet.resource.ResourceHttpRequestHandler

Async:
    Async started = false
     Async result = null

Resolved Exception:
             Type = null

ModelAndView:
        View name = null
             View = null
            Model = null

FlashMap:
       Attributes = null

MockHttpServletResponse:
           Status = 404
    Error message = null
          Headers = [Vary:"Origin", "Access-Control-Request-Method", "Access-Control-Request-Headers"]
     Content type = null
             Body = 
    Forwarded URL = null
   Redirected URL = null
          Cookies = []

MockHttpServletRequest:
      HTTP Method = POST
      Request URI = /user
       Parameters = {}
          Headers = [Content-Type:"application/json;charset=UTF-8", Accept:"application/json", api-version:"1.0", Content-Length:"87"]
             Body = {"name":"alcuk","user_id":"alcuk_id","user_password":"","phone_number":"010-1234-1234"}
    Session Attrs = {}

Handler:
             Type = org.springframework.web.servlet.resource.ResourceHttpRequestHandler

Async:
    Async started = false
     Async result = null

Resolved Exception:
             Type = null

ModelAndView:
        View name = null
             View = null
            Model = null

FlashMap:
       Attributes = null

MockHttpServletResponse:
           Status = 404
    Error message = null
          Headers = [Vary:"Origin", "Access-Control-Request-Method", "Access-Control-Request-Headers"]
     Content type = null
             Body = 
    Forwarded URL = null
   Redirected URL = null
          Cookies = []

MockHttpServletRequest:
      HTTP Method = POST
      Request URI = /user
       Parameters = {}
          Headers = [Content-Type:"application/json;charset=UTF-8", Accept:"application/json", api-version:"1.0", Content-Length:"98"]
             Body = {"name":"alcuk1","user_id":"alcuk_id","user_password":"alcuk_pwd1","phone_number":"010-1234-1111"}
    Session Attrs = {}

Handler:
             Type = org.springframework.web.servlet.resource.ResourceHttpRequestHandler

Async:
    Async started = false
     Async result = null

Resolved Exception:
             Type = null

ModelAndView:
        View name = null
             View = null
            Model = null

FlashMap:
       Attributes = null

MockHttpServletResponse:
           Status = 404
    Error message = null
          Headers = [Vary:"Origin", "Access-Control-Request-Method", "Access-Control-Request-Headers"]
     Content type = null
             Body = 
    Forwarded URL = null
   Redirected URL = null
          Cookies = []

MockHttpServletRequest:
      HTTP Method = GET
      Request URI = /user/alcuk1
       Parameters = {}
          Headers = [Accept:"application/json", api-version:"1.0"]
             Body = null
    Session Attrs = {}

Handler:
             Type = org.springframework.web.servlet.resource.ResourceHttpRequestHandler

Async:
    Async started = false
     Async result = null

Resolved Exception:
             Type = null

ModelAndView:
        View name = null
             View = null
            Model = null

FlashMap:
       Attributes = null

MockHttpServletResponse:
           Status = 404
    Error message = null
          Headers = [Vary:"Origin", "Access-Control-Request-Method", "Access-Control-Request-Headers"]
     Content type = null
             Body = 
    Forwarded URL = null
   Redirected URL = null
          Cookies = []
]]></system-out>
  <system-err><![CDATA[]]></system-err>
</testsuite>
